		g3log created log at: Fri Mar 08 11:29:11 2019
		LOG format: [YYYY/MM/DD hh:mm:ss uuu* LEVEL FILE->FUNCTION:LINE] messagen
		(uuu*: microseconds fractions of the seconds value)

2019/03/08 11:29:11 226614	DEBUG [main.cpp->run:333]	VectorDeclStmtHandler::run: START. AST (dump) is 

2019/03/08 11:29:11 706618	DEBUG [main.cpp->run:69]	main::HandlerForCXXConstructLitExpr::run. Start.

2019/03/08 11:29:11 986547	DEBUG [main.cpp->run:74]	main::HandlerForCXXConstructLitExpr::run. Done.

2019/03/08 11:29:11 986618	DEBUG [Domain.cpp->mkVector_Def:159]	Domain::mkVector_Def 
2019/03/08 11:29:11 986652	DEBUG [main.cpp->run:340]	VectorDeclStmtHandler::run: Done.

2019/03/08 11:29:11 986682	DEBUG [main.cpp->run:333]	VectorDeclStmtHandler::run: START. AST (dump) is 

2019/03/08 11:29:12 258434	DEBUG [main.cpp->run:69]	main::HandlerForCXXConstructLitExpr::run. Start.

2019/03/08 11:29:12 546489	DEBUG [main.cpp->run:74]	main::HandlerForCXXConstructLitExpr::run. Done.

2019/03/08 11:29:12 546528	DEBUG [Domain.cpp->mkVector_Def:159]	Domain::mkVector_Def 
2019/03/08 11:29:12 546549	DEBUG [main.cpp->run:340]	VectorDeclStmtHandler::run: Done.

2019/03/08 11:29:12 546575	DEBUG [main.cpp->run:333]	VectorDeclStmtHandler::run: START. AST (dump) is 

2019/03/08 11:29:12 882471	DEBUG [main.cpp->run:160]	main::HandlerForCXXConstructAddExpr: START. CXXConstructExpr is:

2019/03/08 11:29:12 882481	DEBUG [main.cpp->handleMemberCallExpr:90]	main::handleMemberCallExpr: Start, recurse on mem and arg

2019/03/08 11:29:12 882487	DEBUG [main.cpp->handle_member_expr_of_add_call:264]	main::handle_member_expr_of_add_call at 0x557b8ebf43b8

2019/03/08 11:29:12 882489	DEBUG [main.cpp->handle_member_expr_of_add_call:269]	main::handle_member_expr_of_add_call ast is (dump)

2019/03/08 11:29:12 882497	DEBUG [main.cpp->match:246]	main::CXXMemberCallExprMemberExprMatcher. START matching. AST is:

2019/03/08 11:29:12 882501	DEBUG [main.cpp->handleMemberCallExpr:90]	main::handleMemberCallExpr: Start, recurse on mem and arg

2019/03/08 11:29:12 882503	DEBUG [main.cpp->handle_member_expr_of_add_call:264]	main::handle_member_expr_of_add_call at 0x557b8ebf4348

2019/03/08 11:29:12 882507	DEBUG [main.cpp->handle_member_expr_of_add_call:269]	main::handle_member_expr_of_add_call ast is (dump)

2019/03/08 11:29:12 882513	DEBUG [main.cpp->match:246]	main::CXXMemberCallExprMemberExprMatcher. START matching. AST is:

2019/03/08 11:29:12 882517	DEBUG [main.cpp->run:112]	main::HandlerForCXXMemberCallExprRight_DeclRefExpr: Start. DeclRefExpr = 0x557b8ebf4348

2019/03/08 11:29:13 210618	DEBUG [CoordsToInterp.cpp->putVecVarExpr:85]	CoordsToInterp::putVecVarExpr c v2

2019/03/08 11:29:13 210635	DEBUG [CoordsToInterp.cpp->putVecVarExpr:86]	CoordsToInterp::putVecVarExpr d ( v2 : time )

2019/03/08 11:29:13 210643	DEBUG [CoordsToInterp.cpp->putVecVarExpr:92]	Debug ( v2 : time )

2019/03/08 11:29:13 210647	DEBUG [main.cpp->run:114]	main::HandlerForCXXMemberCallExprRight_DeclRefExpr: Done.

2019/03/08 11:29:13 210651	DEBUG [main.cpp->match:248]	main::CXXMemberCallExprMemberExprMatcher. DONE matching.

2019/03/08 11:29:13 210655	DEBUG [main.cpp->handle_member_expr_of_add_call:277]	main::handle_member_expr_of_add_call. Done. 

2019/03/08 11:29:13 210658	DEBUG [main.cpp->handle_arg0_of_add_call:215]	domain::VecExpr *handle_arg0_of_add_call. START matcher for AST node:

2019/03/08 11:29:13 210664	DEBUG [main.cpp->match:199]	CXXMemberCallExprArg0Matcher::match start

2019/03/08 11:29:13 210674	DEBUG [main.cpp->run:112]	main::HandlerForCXXMemberCallExprRight_DeclRefExpr: Start. DeclRefExpr = 0x557b8ebf4398

2019/03/08 11:29:13 554561	DEBUG [CoordsToInterp.cpp->putVecVarExpr:85]	CoordsToInterp::putVecVarExpr c v1

2019/03/08 11:29:13 554570	DEBUG [CoordsToInterp.cpp->putVecVarExpr:86]	CoordsToInterp::putVecVarExpr d ( v1 : time )

2019/03/08 11:29:13 554576	DEBUG [CoordsToInterp.cpp->putVecVarExpr:92]	Debug ( v1 : time )

2019/03/08 11:29:13 554580	DEBUG [main.cpp->run:114]	main::HandlerForCXXMemberCallExprRight_DeclRefExpr: Done.

2019/03/08 11:29:13 554584	DEBUG [main.cpp->match:201]	CXXMemberCallExprArg0Matcher::match finish

2019/03/08 11:29:13 554597	DEBUG [main.cpp->handle_arg0_of_add_call:218]	domain::VecExpr *handle_arg0_of_add_call. Done.

2019/03/08 11:29:13 970688	DEBUG [Interpretation.cpp->mkVecVecAddExpr:90]	Interpretation::mkVecVecAddExpr: Mem_Coords: v2

2019/03/08 11:29:13 970697	DEBUG [Interpretation.cpp->mkVecVecAddExpr:91]	Interpretation::mkVecVecAddExpr: Arg_Coords: v1

2019/03/08 11:29:13 970702	DEBUG [Interpretation.cpp->mkVecVecAddExpr:95]	Interpretation::mkVecVecAddExpr: Mem_Interp: ( v2 : time )

2019/03/08 11:29:13 970705	DEBUG [Interpretation.cpp->mkVecVecAddExpr:97]	Interpretation::mkVecVecAddExpr: Arg_Interp: ( v1 : time )

2019/03/08 11:29:13 970711	DEBUG [CoordsToInterp.cpp->putVecVecAddExpr:127]	CoordsToInterp::putVecVarExpr c (add (v2) (v1))

2019/03/08 11:29:13 970713	DEBUG [CoordsToInterp.cpp->putVecVecAddExpr:128]	CoordsToInterp::putVecVarExpr d ( add ( v2 : time ) ( v1 : time ) : time )

2019/03/08 11:29:13 970722	DEBUG [main.cpp->handleMemberCallExpr:100]	main::handleMemberCallExpr: Done.

2019/03/08 11:29:13 970728	DEBUG [main.cpp->match:248]	main::CXXMemberCallExprMemberExprMatcher. DONE matching.

2019/03/08 11:29:13 970730	DEBUG [main.cpp->handle_member_expr_of_add_call:277]	main::handle_member_expr_of_add_call. Done. 

2019/03/08 11:29:13 970734	DEBUG [main.cpp->handle_arg0_of_add_call:215]	domain::VecExpr *handle_arg0_of_add_call. START matcher for AST node:

2019/03/08 11:29:13 970740	DEBUG [main.cpp->match:199]	CXXMemberCallExprArg0Matcher::match start

2019/03/08 11:29:13 970748	DEBUG [main.cpp->handleMemberCallExpr:90]	main::handleMemberCallExpr: Start, recurse on mem and arg

2019/03/08 11:29:13 970752	DEBUG [main.cpp->handle_member_expr_of_add_call:264]	main::handle_member_expr_of_add_call at 0x557b8ebf4410

2019/03/08 11:29:13 970754	DEBUG [main.cpp->handle_member_expr_of_add_call:269]	main::handle_member_expr_of_add_call ast is (dump)

2019/03/08 11:29:13 970760	DEBUG [main.cpp->match:246]	main::CXXMemberCallExprMemberExprMatcher. START matching. AST is:

2019/03/08 11:29:13 970765	DEBUG [main.cpp->run:112]	main::HandlerForCXXMemberCallExprRight_DeclRefExpr: Start. DeclRefExpr = 0x557b8ebf4410

2019/03/08 11:29:14 674442	DEBUG [CoordsToInterp.cpp->putVecVarExpr:85]	CoordsToInterp::putVecVarExpr c v1

2019/03/08 11:29:14 674452	DEBUG [CoordsToInterp.cpp->putVecVarExpr:86]	CoordsToInterp::putVecVarExpr d ( v1 : time )

2019/03/08 11:29:14 674458	DEBUG [CoordsToInterp.cpp->putVecVarExpr:92]	Debug ( v1 : time )

2019/03/08 11:29:14 674463	DEBUG [main.cpp->run:114]	main::HandlerForCXXMemberCallExprRight_DeclRefExpr: Done.

2019/03/08 11:29:14 674468	DEBUG [main.cpp->match:248]	main::CXXMemberCallExprMemberExprMatcher. DONE matching.

2019/03/08 11:29:14 674470	DEBUG [main.cpp->handle_member_expr_of_add_call:277]	main::handle_member_expr_of_add_call. Done. 

2019/03/08 11:29:14 674473	DEBUG [main.cpp->handle_arg0_of_add_call:215]	domain::VecExpr *handle_arg0_of_add_call. START matcher for AST node:

2019/03/08 11:29:14 674480	DEBUG [main.cpp->match:199]	CXXMemberCallExprArg0Matcher::match start

2019/03/08 11:29:14 674488	DEBUG [main.cpp->run:112]	main::HandlerForCXXMemberCallExprRight_DeclRefExpr: Start. DeclRefExpr = 0x557b8ebf4460

2019/03/08 11:29:15 058496	DEBUG [CoordsToInterp.cpp->putVecVarExpr:85]	CoordsToInterp::putVecVarExpr c v2

2019/03/08 11:29:15 058505	DEBUG [CoordsToInterp.cpp->putVecVarExpr:86]	CoordsToInterp::putVecVarExpr d ( v2 : time )

2019/03/08 11:29:15 058512	DEBUG [CoordsToInterp.cpp->putVecVarExpr:92]	Debug ( v2 : time )

2019/03/08 11:29:15 058517	DEBUG [main.cpp->run:114]	main::HandlerForCXXMemberCallExprRight_DeclRefExpr: Done.

2019/03/08 11:29:15 058522	DEBUG [main.cpp->match:201]	CXXMemberCallExprArg0Matcher::match finish

2019/03/08 11:29:15 058524	DEBUG [main.cpp->handle_arg0_of_add_call:218]	domain::VecExpr *handle_arg0_of_add_call. Done.

2019/03/08 11:29:15 434464	DEBUG [Interpretation.cpp->mkVecVecAddExpr:90]	Interpretation::mkVecVecAddExpr: Mem_Coords: v1

2019/03/08 11:29:15 434473	DEBUG [Interpretation.cpp->mkVecVecAddExpr:91]	Interpretation::mkVecVecAddExpr: Arg_Coords: v2

2019/03/08 11:29:15 434478	DEBUG [Interpretation.cpp->mkVecVecAddExpr:95]	Interpretation::mkVecVecAddExpr: Mem_Interp: ( v1 : time )

2019/03/08 11:29:15 434481	DEBUG [Interpretation.cpp->mkVecVecAddExpr:97]	Interpretation::mkVecVecAddExpr: Arg_Interp: ( v2 : time )

2019/03/08 11:29:15 434486	DEBUG [CoordsToInterp.cpp->putVecVecAddExpr:127]	CoordsToInterp::putVecVarExpr c (add (v1) (v2))

2019/03/08 11:29:15 434489	DEBUG [CoordsToInterp.cpp->putVecVecAddExpr:128]	CoordsToInterp::putVecVarExpr d ( add ( v1 : time ) ( v2 : time ) : time )

2019/03/08 11:29:15 434496	DEBUG [main.cpp->handleMemberCallExpr:100]	main::handleMemberCallExpr: Done.

2019/03/08 11:29:15 434502	DEBUG [main.cpp->match:201]	CXXMemberCallExprArg0Matcher::match finish

2019/03/08 11:29:15 434504	DEBUG [main.cpp->handle_arg0_of_add_call:218]	domain::VecExpr *handle_arg0_of_add_call. Done.

2019/03/08 11:29:15 778559	DEBUG [Interpretation.cpp->mkVecVecAddExpr:90]	Interpretation::mkVecVecAddExpr: Mem_Coords: (add (v2) (v1))

2019/03/08 11:29:15 778569	DEBUG [Interpretation.cpp->mkVecVecAddExpr:91]	Interpretation::mkVecVecAddExpr: Arg_Coords: (add (v1) (v2))

2019/03/08 11:29:15 778575	DEBUG [Interpretation.cpp->mkVecVecAddExpr:95]	Interpretation::mkVecVecAddExpr: Mem_Interp: ( add ( v2 : time ) ( v1 : time ) : time )

2019/03/08 11:29:15 778582	DEBUG [Interpretation.cpp->mkVecVecAddExpr:97]	Interpretation::mkVecVecAddExpr: Arg_Interp: ( add ( v1 : time ) ( v2 : time ) : time )

2019/03/08 11:29:15 778591	DEBUG [CoordsToInterp.cpp->putVecVecAddExpr:127]	CoordsToInterp::putVecVarExpr c (add ((add (v2) (v1))) ((add (v1) (v2))))

2019/03/08 11:29:15 778595	DEBUG [CoordsToInterp.cpp->putVecVecAddExpr:128]	CoordsToInterp::putVecVarExpr d ( add ( add ( v2 : time ) ( v1 : time ) : time ) ( add ( v1 : time ) ( v2 : time ) : time ) : time )

2019/03/08 11:29:15 778605	DEBUG [main.cpp->handleMemberCallExpr:100]	main::handleMemberCallExpr: Done.

2019/03/08 11:29:15 778620	DEBUG [main.cpp->run:170]	main::HandlerForCXXConstructAddExpr: Done.

2019/03/08 11:29:16 138794	DEBUG [Interpretation.cpp->mkVector_Expr:147]	Interpretation::mkVector_Expr. DONE

2019/03/08 11:29:16 138826	DEBUG [Domain.cpp->mkVector_Def:159]	Domain::mkVector_Def 
2019/03/08 11:29:16 138849	DEBUG [main.cpp->run:340]	VectorDeclStmtHandler::run: Done.

2019/03/08 11:29:16 138883	DEBUG [main.cpp->EndSourceFileAction:378]	STUB Analysis result

2019/03/08 11:29:16 139031	DEBUG [Interpretation.h->toString_Exprs:100]	v2
2019/03/08 11:29:16 139039	DEBUG [Interpretation.h->toString_Exprs:100]	v1
2019/03/08 11:29:16 139043	DEBUG [Interpretation.h->toString_Exprs:100]	(add (v2) (v1))
2019/03/08 11:29:16 139048	DEBUG [Interpretation.h->toString_Exprs:100]	v1
2019/03/08 11:29:16 139051	DEBUG [Interpretation.h->toString_Exprs:100]	v2
2019/03/08 11:29:16 139055	DEBUG [Interpretation.h->toString_Exprs:100]	(add (v1) (v2))
2019/03/08 11:29:16 139062	DEBUG [Interpretation.h->toString_Exprs:100]	(add ((add (v2) (v1))) ((add (v1) (v2))))
g3log g3FileSink shutdown at: 11:29:16 139171
