		g3log created log at: Fri Mar 08 11:13:33 2019
		LOG format: [YYYY/MM/DD hh:mm:ss uuu* LEVEL FILE->FUNCTION:LINE] messagen
		(uuu*: microseconds fractions of the seconds value)

2019/03/08 11:13:33 910360	DEBUG [main.cpp->run:333]	VectorDeclStmtHandler::run: START. AST (dump) is 

2019/03/08 11:13:35 594356	DEBUG [main.cpp->run:69]	main::HandlerForCXXConstructLitExpr::run. Start.

2019/03/08 11:13:35 866481	DEBUG [main.cpp->run:74]	main::HandlerForCXXConstructLitExpr::run. Done.

2019/03/08 11:13:35 866554	DEBUG [Domain.cpp->mkVector_Def:159]	Domain::mkVector_Def 
2019/03/08 11:13:35 866572	DEBUG [main.cpp->run:340]	VectorDeclStmtHandler::run: Done.

2019/03/08 11:13:35 866601	DEBUG [main.cpp->run:333]	VectorDeclStmtHandler::run: START. AST (dump) is 

2019/03/08 11:13:36 141828	DEBUG [main.cpp->run:69]	main::HandlerForCXXConstructLitExpr::run. Start.

2019/03/08 11:13:36 402285	DEBUG [main.cpp->run:74]	main::HandlerForCXXConstructLitExpr::run. Done.

2019/03/08 11:13:36 402343	DEBUG [Domain.cpp->mkVector_Def:159]	Domain::mkVector_Def 
2019/03/08 11:13:36 402364	DEBUG [main.cpp->run:340]	VectorDeclStmtHandler::run: Done.

2019/03/08 11:13:36 402389	DEBUG [main.cpp->run:333]	VectorDeclStmtHandler::run: START. AST (dump) is 

2019/03/08 11:13:36 690367	DEBUG [main.cpp->run:160]	main::HandlerForCXXConstructAddExpr: START. CXXConstructExpr is:

2019/03/08 11:13:36 690378	DEBUG [main.cpp->handleMemberCallExpr:90]	main::handleMemberCallExpr: Start, recurse on mem and arg

2019/03/08 11:13:36 690384	DEBUG [main.cpp->handle_member_expr_of_add_call:264]	main::handle_member_expr_of_add_call at 0x5555579c83b8

2019/03/08 11:13:36 690386	DEBUG [main.cpp->handle_member_expr_of_add_call:269]	main::handle_member_expr_of_add_call ast is (dump)

2019/03/08 11:13:36 690394	DEBUG [main.cpp->match:246]	main::CXXMemberCallExprMemberExprMatcher. START matching. AST is:

2019/03/08 11:13:36 690397	DEBUG [main.cpp->handleMemberCallExpr:90]	main::handleMemberCallExpr: Start, recurse on mem and arg

2019/03/08 11:13:36 690399	DEBUG [main.cpp->handle_member_expr_of_add_call:264]	main::handle_member_expr_of_add_call at 0x5555579c8348

2019/03/08 11:13:36 690402	DEBUG [main.cpp->handle_member_expr_of_add_call:269]	main::handle_member_expr_of_add_call ast is (dump)

2019/03/08 11:13:36 690407	DEBUG [main.cpp->match:246]	main::CXXMemberCallExprMemberExprMatcher. START matching. AST is:

2019/03/08 11:13:36 690412	DEBUG [main.cpp->run:112]	main::HandlerForCXXMemberCallExprRight_DeclRefExpr: Start. DeclRefExpr = 0x5555579c8348

2019/03/08 11:13:36 970506	DEBUG [CoordsToInterp.cpp->putVecVarExpr:85]	CoordsToInterp::putVecVarExpr c v2

2019/03/08 11:13:36 970516	DEBUG [CoordsToInterp.cpp->putVecVarExpr:86]	CoordsToInterp::putVecVarExpr d ( v2 : time )

2019/03/08 11:13:36 970522	DEBUG [CoordsToInterp.cpp->putVecVarExpr:92]	Debug ( v2 : time )

2019/03/08 11:13:36 970527	DEBUG [main.cpp->run:114]	main::HandlerForCXXMemberCallExprRight_DeclRefExpr: Done.

2019/03/08 11:13:36 970532	DEBUG [main.cpp->match:248]	main::CXXMemberCallExprMemberExprMatcher. DONE matching.

2019/03/08 11:13:36 970534	DEBUG [main.cpp->handle_member_expr_of_add_call:277]	main::handle_member_expr_of_add_call. Done. 

2019/03/08 11:13:36 970537	DEBUG [main.cpp->handle_arg0_of_add_call:215]	domain::VecExpr *handle_arg0_of_add_call. START matcher for AST node:

2019/03/08 11:13:36 970543	DEBUG [main.cpp->match:199]	CXXMemberCallExprArg0Matcher::match start

2019/03/08 11:13:36 970553	DEBUG [main.cpp->run:112]	main::HandlerForCXXMemberCallExprRight_DeclRefExpr: Start. DeclRefExpr = 0x5555579c8398

2019/03/08 11:13:37 258339	DEBUG [CoordsToInterp.cpp->putVecVarExpr:85]	CoordsToInterp::putVecVarExpr c v1

2019/03/08 11:13:37 258347	DEBUG [CoordsToInterp.cpp->putVecVarExpr:86]	CoordsToInterp::putVecVarExpr d ( v1 : time )

2019/03/08 11:13:37 258354	DEBUG [CoordsToInterp.cpp->putVecVarExpr:92]	Debug ( v1 : time )

2019/03/08 11:13:37 258359	DEBUG [main.cpp->run:114]	main::HandlerForCXXMemberCallExprRight_DeclRefExpr: Done.

2019/03/08 11:13:37 258363	DEBUG [main.cpp->match:201]	CXXMemberCallExprArg0Matcher::match finish

2019/03/08 11:13:37 258365	DEBUG [main.cpp->handle_arg0_of_add_call:218]	domain::VecExpr *handle_arg0_of_add_call. Done.

2019/03/08 11:13:37 818538	DEBUG [Interpretation.cpp->mkVecVecAddExpr:90]	Interpretation::mkVecVecAddExpr: Mem_Coords: v2

2019/03/08 11:13:37 818548	DEBUG [Interpretation.cpp->mkVecVecAddExpr:91]	Interpretation::mkVecVecAddExpr: Arg_Coords: v1

2019/03/08 11:13:37 818553	DEBUG [Interpretation.cpp->mkVecVecAddExpr:95]	Interpretation::mkVecVecAddExpr: Mem_Interp: ( v2 : time )

2019/03/08 11:13:37 818556	DEBUG [Interpretation.cpp->mkVecVecAddExpr:97]	Interpretation::mkVecVecAddExpr: Arg_Interp: ( v1 : time )

