		g3log created log at: Sun Mar 03 21:24:23 2019
		LOG format: [YYYY/MM/DD hh:mm:ss uuu* LEVEL FILE->FUNCTION:LINE] messagen
		(uuu*: microseconds fractions of the seconds value)

2019/03/03 21:24:23 954383	DEBUG [main.cpp->run:333]	VectorDeclStmtHandler::run: START. AST (dump) is 

2019/03/03 21:24:25 788797	DEBUG [main.cpp->run:69]	main::HandlerForCXXConstructLitExpr::run. Start.

2019/03/03 21:24:26 597259	DEBUG [main.cpp->run:74]	main::HandlerForCXXConstructLitExpr::run. Done.

2019/03/03 21:24:26 603482	DEBUG [Domain.cpp->mkVector_Def:159]	Domain::mkVector_Def 
2019/03/03 21:24:26 603499	DEBUG [main.cpp->run:340]	VectorDeclStmtHandler::run: Done.

2019/03/03 21:24:26 603545	DEBUG [main.cpp->run:333]	VectorDeclStmtHandler::run: START. AST (dump) is 

2019/03/03 21:24:27 461598	DEBUG [main.cpp->run:69]	main::HandlerForCXXConstructLitExpr::run. Start.

2019/03/03 21:24:28 430061	DEBUG [main.cpp->run:74]	main::HandlerForCXXConstructLitExpr::run. Done.

2019/03/03 21:24:28 430098	DEBUG [Domain.cpp->mkVector_Def:159]	Domain::mkVector_Def 
2019/03/03 21:24:28 430105	DEBUG [main.cpp->run:340]	VectorDeclStmtHandler::run: Done.

2019/03/03 21:24:28 430129	DEBUG [main.cpp->run:333]	VectorDeclStmtHandler::run: START. AST (dump) is 

2019/03/03 21:24:29 310589	DEBUG [main.cpp->run:160]	main::HandlerForCXXConstructAddExpr: START. CXXConstructExpr is:

2019/03/03 21:24:29 310604	DEBUG [main.cpp->handleMemberCallExpr:90]	main::handleMemberCallExpr: Start, recurse on mem and arg

2019/03/03 21:24:29 310617	DEBUG [main.cpp->handle_member_expr_of_add_call:264]	main::handle_member_expr_of_add_call at 0x36f9ca8

2019/03/03 21:24:29 310626	DEBUG [main.cpp->handle_member_expr_of_add_call:269]	main::handle_member_expr_of_add_call ast is (dump)

2019/03/03 21:24:29 310636	DEBUG [main.cpp->match:246]	main::CXXMemberCallExprMemberExprMatcher. START matching. AST is:

2019/03/03 21:24:29 310645	DEBUG [main.cpp->handleMemberCallExpr:90]	main::handleMemberCallExpr: Start, recurse on mem and arg

2019/03/03 21:24:29 310650	DEBUG [main.cpp->handle_member_expr_of_add_call:264]	main::handle_member_expr_of_add_call at 0x36f9c38

2019/03/03 21:24:29 310653	DEBUG [main.cpp->handle_member_expr_of_add_call:269]	main::handle_member_expr_of_add_call ast is (dump)

2019/03/03 21:24:29 310660	DEBUG [main.cpp->match:246]	main::CXXMemberCallExprMemberExprMatcher. START matching. AST is:

2019/03/03 21:24:29 310667	DEBUG [main.cpp->run:112]	main::HandlerForCXXMemberCallExprRight_DeclRefExpr: Start. DeclRefExpr = 0x36f9c38

2019/03/03 21:24:30 262991	DEBUG [main.cpp->run:114]	main::HandlerForCXXMemberCallExprRight_DeclRefExpr: Done.

2019/03/03 21:24:30 263005	DEBUG [main.cpp->match:248]	main::CXXMemberCallExprMemberExprMatcher. DONE matching.

2019/03/03 21:24:30 263008	DEBUG [main.cpp->handle_member_expr_of_add_call:277]	main::handle_member_expr_of_add_call. Done. 

2019/03/03 21:24:30 263011	DEBUG [main.cpp->handle_arg0_of_add_call:215]	domain::VecExpr *handle_arg0_of_add_call. START matcher for AST node:

2019/03/03 21:24:30 263017	DEBUG [main.cpp->match:199]	CXXMemberCallExprArg0Matcher::match start

2019/03/03 21:24:30 263023	DEBUG [main.cpp->run:112]	main::HandlerForCXXMemberCallExprRight_DeclRefExpr: Start. DeclRefExpr = 0x36f9c88

2019/03/03 21:24:31 223389	DEBUG [main.cpp->run:114]	main::HandlerForCXXMemberCallExprRight_DeclRefExpr: Done.

2019/03/03 21:24:31 223402	DEBUG [main.cpp->match:201]	CXXMemberCallExprArg0Matcher::match finish

2019/03/03 21:24:31 223404	DEBUG [main.cpp->handle_arg0_of_add_call:218]	domain::VecExpr *handle_arg0_of_add_call. Done.

2019/03/03 21:24:32 055905	DEBUG [main.cpp->handleMemberCallExpr:100]	main::handleMemberCallExpr: Done.

2019/03/03 21:24:32 055918	DEBUG [main.cpp->match:248]	main::CXXMemberCallExprMemberExprMatcher. DONE matching.

2019/03/03 21:24:32 055921	DEBUG [main.cpp->handle_member_expr_of_add_call:277]	main::handle_member_expr_of_add_call. Done. 

2019/03/03 21:24:32 055925	DEBUG [main.cpp->handle_arg0_of_add_call:215]	domain::VecExpr *handle_arg0_of_add_call. START matcher for AST node:

2019/03/03 21:24:32 055930	DEBUG [main.cpp->match:199]	CXXMemberCallExprArg0Matcher::match start

2019/03/03 21:24:32 055936	DEBUG [main.cpp->handleMemberCallExpr:90]	main::handleMemberCallExpr: Start, recurse on mem and arg

2019/03/03 21:24:32 055940	DEBUG [main.cpp->handle_member_expr_of_add_call:264]	main::handle_member_expr_of_add_call at 0x36f9d00

2019/03/03 21:24:32 055942	DEBUG [main.cpp->handle_member_expr_of_add_call:269]	main::handle_member_expr_of_add_call ast is (dump)

2019/03/03 21:24:32 055950	DEBUG [main.cpp->match:246]	main::CXXMemberCallExprMemberExprMatcher. START matching. AST is:

2019/03/03 21:24:32 055954	DEBUG [main.cpp->run:112]	main::HandlerForCXXMemberCallExprRight_DeclRefExpr: Start. DeclRefExpr = 0x36f9d00

2019/03/03 21:24:32 936312	DEBUG [main.cpp->run:114]	main::HandlerForCXXMemberCallExprRight_DeclRefExpr: Done.

2019/03/03 21:24:32 936325	DEBUG [main.cpp->match:248]	main::CXXMemberCallExprMemberExprMatcher. DONE matching.

2019/03/03 21:24:32 936328	DEBUG [main.cpp->handle_member_expr_of_add_call:277]	main::handle_member_expr_of_add_call. Done. 

2019/03/03 21:24:32 936331	DEBUG [main.cpp->handle_arg0_of_add_call:215]	domain::VecExpr *handle_arg0_of_add_call. START matcher for AST node:

2019/03/03 21:24:32 936337	DEBUG [main.cpp->match:199]	CXXMemberCallExprArg0Matcher::match start

2019/03/03 21:24:32 936344	DEBUG [main.cpp->run:112]	main::HandlerForCXXMemberCallExprRight_DeclRefExpr: Start. DeclRefExpr = 0x36f9d50

2019/03/03 21:24:33 920903	DEBUG [main.cpp->run:114]	main::HandlerForCXXMemberCallExprRight_DeclRefExpr: Done.

2019/03/03 21:24:33 920917	DEBUG [main.cpp->match:201]	CXXMemberCallExprArg0Matcher::match finish

2019/03/03 21:24:33 920919	DEBUG [main.cpp->handle_arg0_of_add_call:218]	domain::VecExpr *handle_arg0_of_add_call. Done.

2019/03/03 21:24:34 601109	DEBUG [main.cpp->handleMemberCallExpr:100]	main::handleMemberCallExpr: Done.

2019/03/03 21:24:34 601122	DEBUG [main.cpp->match:201]	CXXMemberCallExprArg0Matcher::match finish

2019/03/03 21:24:34 601124	DEBUG [main.cpp->handle_arg0_of_add_call:218]	domain::VecExpr *handle_arg0_of_add_call. Done.

2019/03/03 21:24:35 273457	DEBUG [main.cpp->handleMemberCallExpr:100]	main::handleMemberCallExpr: Done.

2019/03/03 21:24:35 273467	DEBUG [main.cpp->run:170]	main::HandlerForCXXConstructAddExpr: Done.

2019/03/03 21:24:35 849679	DEBUG [Interpretation.cpp->mkVector_Expr:178]	Interpretation::mkVector_Expr. DONE

2019/03/03 21:24:35 849712	DEBUG [Domain.cpp->mkVector_Def:159]	Domain::mkVector_Def 
2019/03/03 21:24:35 849720	DEBUG [main.cpp->run:340]	VectorDeclStmtHandler::run: Done.

2019/03/03 21:24:35 849752	DEBUG [main.cpp->EndSourceFileAction:378]	STUB Analysis result

g3log g3FileSink shutdown at: 21:24:35 849995
