		g3log created log at: Fri Mar 08 11:19:18 2019
		LOG format: [YYYY/MM/DD hh:mm:ss uuu* LEVEL FILE->FUNCTION:LINE] messagen
		(uuu*: microseconds fractions of the seconds value)

2019/03/08 11:19:18 153063	DEBUG [main.cpp->run:333]	VectorDeclStmtHandler::run: START. AST (dump) is 

2019/03/08 11:19:19 290766	DEBUG [main.cpp->run:69]	main::HandlerForCXXConstructLitExpr::run. Start.

2019/03/08 11:19:19 562599	DEBUG [main.cpp->run:74]	main::HandlerForCXXConstructLitExpr::run. Done.

2019/03/08 11:19:19 562689	DEBUG [Domain.cpp->mkVector_Def:159]	Domain::mkVector_Def 
2019/03/08 11:19:19 562713	DEBUG [main.cpp->run:340]	VectorDeclStmtHandler::run: Done.

2019/03/08 11:19:19 562740	DEBUG [main.cpp->run:333]	VectorDeclStmtHandler::run: START. AST (dump) is 

2019/03/08 11:19:19 826628	DEBUG [main.cpp->run:69]	main::HandlerForCXXConstructLitExpr::run. Start.

2019/03/08 11:19:20 082815	DEBUG [main.cpp->run:74]	main::HandlerForCXXConstructLitExpr::run. Done.

2019/03/08 11:19:20 082856	DEBUG [Domain.cpp->mkVector_Def:159]	Domain::mkVector_Def 
2019/03/08 11:19:20 082873	DEBUG [main.cpp->run:340]	VectorDeclStmtHandler::run: Done.

2019/03/08 11:19:20 082917	DEBUG [main.cpp->run:333]	VectorDeclStmtHandler::run: START. AST (dump) is 

2019/03/08 11:19:20 350418	DEBUG [main.cpp->run:160]	main::HandlerForCXXConstructAddExpr: START. CXXConstructExpr is:

2019/03/08 11:19:20 350428	DEBUG [main.cpp->handleMemberCallExpr:90]	main::handleMemberCallExpr: Start, recurse on mem and arg

2019/03/08 11:19:20 350433	DEBUG [main.cpp->handle_member_expr_of_add_call:264]	main::handle_member_expr_of_add_call at 0x5555579c8438

2019/03/08 11:19:20 350433	DEBUG [main.cpp->handle_member_expr_of_add_call:269]	main::handle_member_expr_of_add_call ast is (dump)

2019/03/08 11:19:20 350443	DEBUG [main.cpp->match:246]	main::CXXMemberCallExprMemberExprMatcher. START matching. AST is:

2019/03/08 11:19:20 350445	DEBUG [main.cpp->handleMemberCallExpr:90]	main::handleMemberCallExpr: Start, recurse on mem and arg

2019/03/08 11:19:20 350447	DEBUG [main.cpp->handle_member_expr_of_add_call:264]	main::handle_member_expr_of_add_call at 0x5555579c83c8

2019/03/08 11:19:20 350449	DEBUG [main.cpp->handle_member_expr_of_add_call:269]	main::handle_member_expr_of_add_call ast is (dump)

2019/03/08 11:19:20 350452	DEBUG [main.cpp->match:246]	main::CXXMemberCallExprMemberExprMatcher. START matching. AST is:

2019/03/08 11:19:20 350457	DEBUG [main.cpp->run:112]	main::HandlerForCXXMemberCallExprRight_DeclRefExpr: Start. DeclRefExpr = 0x5555579c83c8

2019/03/08 11:19:20 618655	DEBUG [CoordsToInterp.cpp->putVecVarExpr:85]	CoordsToInterp::putVecVarExpr c v2

2019/03/08 11:19:20 618664	DEBUG [CoordsToInterp.cpp->putVecVarExpr:86]	CoordsToInterp::putVecVarExpr d ( v2 : time )

2019/03/08 11:19:20 618668	DEBUG [CoordsToInterp.cpp->putVecVarExpr:92]	Debug ( v2 : time )

2019/03/08 11:19:20 618671	DEBUG [main.cpp->run:114]	main::HandlerForCXXMemberCallExprRight_DeclRefExpr: Done.

2019/03/08 11:19:20 618676	DEBUG [main.cpp->match:248]	main::CXXMemberCallExprMemberExprMatcher. DONE matching.

2019/03/08 11:19:20 618677	DEBUG [main.cpp->handle_member_expr_of_add_call:277]	main::handle_member_expr_of_add_call. Done. 

2019/03/08 11:19:20 618679	DEBUG [main.cpp->handle_arg0_of_add_call:215]	domain::VecExpr *handle_arg0_of_add_call. START matcher for AST node:

2019/03/08 11:19:20 618684	DEBUG [main.cpp->match:199]	CXXMemberCallExprArg0Matcher::match start

2019/03/08 11:19:20 618690	DEBUG [main.cpp->run:112]	main::HandlerForCXXMemberCallExprRight_DeclRefExpr: Start. DeclRefExpr = 0x5555579c8418

2019/03/08 11:19:20 922709	DEBUG [CoordsToInterp.cpp->putVecVarExpr:85]	CoordsToInterp::putVecVarExpr c v1

2019/03/08 11:19:20 922718	DEBUG [CoordsToInterp.cpp->putVecVarExpr:86]	CoordsToInterp::putVecVarExpr d ( v1 : time )

2019/03/08 11:19:20 922723	DEBUG [CoordsToInterp.cpp->putVecVarExpr:92]	Debug ( v1 : time )

2019/03/08 11:19:20 922726	DEBUG [main.cpp->run:114]	main::HandlerForCXXMemberCallExprRight_DeclRefExpr: Done.

2019/03/08 11:19:20 922729	DEBUG [main.cpp->match:201]	CXXMemberCallExprArg0Matcher::match finish

2019/03/08 11:19:20 922730	DEBUG [main.cpp->handle_arg0_of_add_call:218]	domain::VecExpr *handle_arg0_of_add_call. Done.

2019/03/08 11:19:21 346660	DEBUG [Interpretation.cpp->mkVecVecAddExpr:90]	Interpretation::mkVecVecAddExpr: Mem_Coords: v2

2019/03/08 11:19:21 346668	DEBUG [Interpretation.cpp->mkVecVecAddExpr:91]	Interpretation::mkVecVecAddExpr: Arg_Coords: v1

2019/03/08 11:19:21 346671	DEBUG [Interpretation.cpp->mkVecVecAddExpr:95]	Interpretation::mkVecVecAddExpr: Mem_Interp: ( v2 : time )

2019/03/08 11:19:21 346672	DEBUG [Interpretation.cpp->mkVecVecAddExpr:97]	Interpretation::mkVecVecAddExpr: Arg_Interp: ( v1 : time )

