		g3log created log at: Fri Mar 08 10:17:58 2019
		LOG format: [YYYY/MM/DD hh:mm:ss uuu* LEVEL FILE->FUNCTION:LINE] messagen
		(uuu*: microseconds fractions of the seconds value)

2019/03/08 10:17:58 115859	DEBUG [main.cpp->run:333]	VectorDeclStmtHandler::run: START. AST (dump) is 

2019/03/08 10:19:31 289962	DEBUG [main.cpp->run:69]	main::HandlerForCXXConstructLitExpr::run. Start.

2019/03/08 10:19:31 780339	DEBUG [main.cpp->run:74]	main::HandlerForCXXConstructLitExpr::run. Done.

2019/03/08 10:19:31 780429	DEBUG [Domain.cpp->mkVector_Def:159]	Domain::mkVector_Def 
2019/03/08 10:19:31 780453	DEBUG [main.cpp->run:340]	VectorDeclStmtHandler::run: Done.

2019/03/08 10:19:31 780480	DEBUG [main.cpp->run:333]	VectorDeclStmtHandler::run: START. AST (dump) is 

2019/03/08 10:19:32 426045	DEBUG [main.cpp->run:69]	main::HandlerForCXXConstructLitExpr::run. Start.

2019/03/08 10:19:33 106097	DEBUG [main.cpp->run:74]	main::HandlerForCXXConstructLitExpr::run. Done.

2019/03/08 10:19:33 106133	DEBUG [Domain.cpp->mkVector_Def:159]	Domain::mkVector_Def 
2019/03/08 10:19:33 106147	DEBUG [main.cpp->run:340]	VectorDeclStmtHandler::run: Done.

2019/03/08 10:19:33 106170	DEBUG [main.cpp->run:333]	VectorDeclStmtHandler::run: START. AST (dump) is 

2019/03/08 10:19:33 900836	DEBUG [main.cpp->run:160]	main::HandlerForCXXConstructAddExpr: START. CXXConstructExpr is:

2019/03/08 10:19:33 900847	DEBUG [main.cpp->handleMemberCallExpr:90]	main::handleMemberCallExpr: Start, recurse on mem and arg

2019/03/08 10:19:33 900853	DEBUG [main.cpp->handle_member_expr_of_add_call:264]	main::handle_member_expr_of_add_call at 0x5555579c83b8

2019/03/08 10:19:33 900855	DEBUG [main.cpp->handle_member_expr_of_add_call:269]	main::handle_member_expr_of_add_call ast is (dump)

2019/03/08 10:19:33 900863	DEBUG [main.cpp->match:246]	main::CXXMemberCallExprMemberExprMatcher. START matching. AST is:

2019/03/08 10:19:33 900866	DEBUG [main.cpp->handleMemberCallExpr:90]	main::handleMemberCallExpr: Start, recurse on mem and arg

2019/03/08 10:19:33 900869	DEBUG [main.cpp->handle_member_expr_of_add_call:264]	main::handle_member_expr_of_add_call at 0x5555579c8348

2019/03/08 10:19:33 900872	DEBUG [main.cpp->handle_member_expr_of_add_call:269]	main::handle_member_expr_of_add_call ast is (dump)

2019/03/08 10:19:33 900877	DEBUG [main.cpp->match:246]	main::CXXMemberCallExprMemberExprMatcher. START matching. AST is:

2019/03/08 10:19:33 900882	DEBUG [main.cpp->run:112]	main::HandlerForCXXMemberCallExprRight_DeclRefExpr: Start. DeclRefExpr = 0x5555579c8348

2019/03/08 10:19:47 826746	DEBUG [CoordsToInterp.cpp->putVecVarExpr:85]	CoordsToInterp::putVecVarExpr c v2

2019/03/08 10:19:48 645425	DEBUG [CoordsToInterp.cpp->putVecVarExpr:86]	CoordsToInterp::putVecVarExpr d ( v2 : time )

2019/03/08 10:22:24 429518	DEBUG [CoordsToInterp.cpp->putVecVarExpr:92]	Debug ( v2 : time )

2019/03/08 10:22:55 829018	FATAL [Interp.cpp->toString:31]	
	*******	 EXIT trigger caused by LOG(FATAL) entry: 
	"Interp::toString: Error. Should not be called. Abstract.

*******	STACKDUMP *******

	stack dump [1]  /usr/local/lib/libg3logger.so.1.3.2-74 : LogCapture::LogCapture(char const*, int, char const*, LEVELS const&, char const*, int, char const*)+0x31f [0x7ffff75534df]
	stack dump [2]  /home/sullivan/Projects/Peirce/build/ASTMatcher+0x43a8d4 [0x55555598e8d4]
	stack dump [3]  /home/sullivan/Projects/Peirce/build/ASTMatcher+0x40311d [0x55555595711d]
	stack dump [4]  /home/sullivan/Projects/Peirce/build/ASTMatcher+0x42b906 [0x55555597f906]
	stack dump [5]  /home/sullivan/Projects/Peirce/build/ASTMatcher+0x692fc0 [0x555555be6fc0]
	stack dump [6]  /home/sullivan/Projects/Peirce/build/ASTMatcher+0x6b49c8 [0x555555c089c8]
	stack dump [7]  /home/sullivan/Projects/Peirce/build/ASTMatcher+0x694b29 [0x555555be8b29]
	stack dump [8]  /home/sullivan/Projects/Peirce/build/ASTMatcher+0x694f82 [0x555555be8f82]
	stack dump [9]  /home/sullivan/Projects/Peirce/build/ASTMatcher+0x42eac3 [0x555555982ac3]
	stack dump [10]  /home/sullivan/Projects/Peirce/build/ASTMatcher+0x42cac4 [0x555555980ac4]
	stack dump [11]  /home/sullivan/Projects/Peirce/build/ASTMatcher+0x429092 [0x55555597d092]
	stack dump [12]  /home/sullivan/Projects/Peirce/build/ASTMatcher+0x4289fe [0x55555597c9fe]
	stack dump [13]  /home/sullivan/Projects/Peirce/build/ASTMatcher+0x42bba5 [0x55555597fba5]
	stack dump [14]  /home/sullivan/Projects/Peirce/build/ASTMatcher+0x692fc0 [0x555555be6fc0]
	stack dump [15]  /home/sullivan/Projects/Peirce/build/ASTMatcher+0x6b49c8 [0x555555c089c8]
	stack dump [16]  /home/sullivan/Projects/Peirce/build/ASTMatcher+0x694b29 [0x555555be8b29]
	stack dump [17]  /home/sullivan/Projects/Peirce/build/ASTMatcher+0x694f82 [0x555555be8f82]
	stack dump [18]  /home/sullivan/Projects/Peirce/build/ASTMatcher+0x42eac3 [0x555555982ac3]
	stack dump [19]  /home/sullivan/Projects/Peirce/build/ASTMatcher+0x42cac4 [0x555555980ac4]
	stack dump [20]  /home/sullivan/Projects/Peirce/build/ASTMatcher+0x429092 [0x55555597d092]
	stack dump [21]  /home/sullivan/Projects/Peirce/build/ASTMatcher+0x4289fe [0x55555597c9fe]
	stack dump [22]  /home/sullivan/Projects/Peirce/build/ASTMatcher+0x42bf01 [0x55555597ff01]
	stack dump [23]  /home/sullivan/Projects/Peirce/build/ASTMatcher+0x692fc0 [0x555555be6fc0]
	stack dump [24]  /home/sullivan/Projects/Peirce/build/ASTMatcher+0x6b49c8 [0x555555c089c8]
	stack dump [25]  /home/sullivan/Projects/Peirce/build/ASTMatcher+0x694b29 [0x555555be8b29]
	stack dump [26]  /home/sullivan/Projects/Peirce/build/ASTMatcher+0x694f82 [0x555555be8f82]
	stack dump [27]  /home/sullivan/Projects/Peirce/build/ASTMatcher+0x42f1cd [0x5555559831cd]
	stack dump [28]  /home/sullivan/Projects/Peirce/build/ASTMatcher+0x42d2a7 [0x5555559812a7]
	stack dump [29]  /home/sullivan/Projects/Peirce/build/ASTMatcher+0x42d4cc [0x5555559814cc]
	stack dump [30]  /home/sullivan/Projects/Peirce/build/ASTMatcher+0x692fc0 [0x555555be6fc0]
	stack dump [31]  /home/sullivan/Projects/Peirce/build/ASTMatcher+0x6b49c8 [0x555555c089c8]
	stack dump [32]  /home/sullivan/Projects/Peirce/build/ASTMatcher+0x694b29 [0x555555be8b29]
	stack dump [33]  /home/sullivan/Projects/Peirce/build/ASTMatcher+0x6a7427 [0x555555bfb427]
	stack dump [34]  /home/sullivan/Projects/Peirce/build/ASTMatcher+0x31d665 [0x555555871665]
	stack dump [35]  /home/sullivan/Projects/Peirce/build/ASTMatcher+0x6a8e99 [0x555555bfce99]
	stack dump [36]  /home/sullivan/Projects/Peirce/build/ASTMatcher+0x6b0ba4 [0x555555c04ba4]
	stack dump [37]  /home/sullivan/Projects/Peirce/build/ASTMatcher+0x6a4c5b [0x555555bf8c5b]
	stack dump [38]  /home/sullivan/Projects/Peirce/build/ASTMatcher+0x6a6e11 [0x555555bfae11]
	stack dump [39]  /home/sullivan/Projects/Peirce/build/ASTMatcher+0x6a4bd4 [0x555555bf8bd4]
	stack dump [40]  /home/sullivan/Projects/Peirce/build/ASTMatcher+0x6a6a60 [0x555555bfaa60]
	stack dump [41]  /home/sullivan/Projects/Peirce/build/ASTMatcher+0x42dbbb [0x555555981bbb]
	stack dump [42]  /home/sullivan/Projects/Peirce/build/ASTMatcher+0x863261 [0x555555db7261]
	stack dump [43]  /home/sullivan/Projects/Peirce/build/ASTMatcher+0x6fa1de [0x555555c4e1de]
	stack dump [44]  /home/sullivan/Projects/Peirce/build/ASTMatcher+0x729dd6 [0x555555c7ddd6]
	stack dump [45]  /home/sullivan/Projects/Peirce/build/ASTMatcher+0x105bd5f [0x5555565afd5f]
	stack dump [46]  /home/sullivan/Projects/Peirce/build/ASTMatcher+0x10538f9 [0x5555565a78f9]
	stack dump [47]  /home/sullivan/Projects/Peirce/build/ASTMatcher+0x1056f4d [0x5555565aaf4d]
	stack dump [48]  /home/sullivan/Projects/Peirce/build/ASTMatcher+0x1059fe7 [0x5555565adfe7]
	stack dump [49]  /home/sullivan/Projects/Peirce/build/ASTMatcher+0x4295ca [0x55555597d5ca]

Exiting after fatal event  (FATAL). Fatal type:  SIGABRT
Log content flushed sucessfully to sink

"g3log g3FileSink shutdown at: 10:22:55 829212
