		g3log created log at: Sun Mar 03 21:25:38 2019
		LOG format: [YYYY/MM/DD hh:mm:ss uuu* LEVEL FILE->FUNCTION:LINE] messagen
		(uuu*: microseconds fractions of the seconds value)

2019/03/03 21:25:38 464878	DEBUG [main.cpp->run:333]	VectorDeclStmtHandler::run: START. AST (dump) is 

2019/03/03 21:25:39 217308	DEBUG [main.cpp->run:69]	main::HandlerForCXXConstructLitExpr::run. Start.

2019/03/03 21:25:39 441612	DEBUG [main.cpp->run:74]	main::HandlerForCXXConstructLitExpr::run. Done.

2019/03/03 21:25:39 441698	DEBUG [Domain.cpp->mkVector_Def:159]	Domain::mkVector_Def 
2019/03/03 21:25:39 441708	DEBUG [main.cpp->run:340]	VectorDeclStmtHandler::run: Done.

2019/03/03 21:25:39 441732	DEBUG [main.cpp->run:333]	VectorDeclStmtHandler::run: START. AST (dump) is 

2019/03/03 21:25:39 649636	DEBUG [main.cpp->run:69]	main::HandlerForCXXConstructLitExpr::run. Start.

2019/03/03 21:25:39 873602	DEBUG [main.cpp->run:74]	main::HandlerForCXXConstructLitExpr::run. Done.

2019/03/03 21:25:39 873641	DEBUG [Domain.cpp->mkVector_Def:159]	Domain::mkVector_Def 
2019/03/03 21:25:39 873651	DEBUG [main.cpp->run:340]	VectorDeclStmtHandler::run: Done.

2019/03/03 21:25:39 873678	DEBUG [main.cpp->run:333]	VectorDeclStmtHandler::run: START. AST (dump) is 

2019/03/03 21:25:40 081779	DEBUG [main.cpp->run:160]	main::HandlerForCXXConstructAddExpr: START. CXXConstructExpr is:

2019/03/03 21:25:40 081790	DEBUG [main.cpp->handleMemberCallExpr:90]	main::handleMemberCallExpr: Start, recurse on mem and arg

2019/03/03 21:25:40 081799	DEBUG [main.cpp->handle_member_expr_of_add_call:264]	main::handle_member_expr_of_add_call at 0x334abc8

2019/03/03 21:25:40 081801	DEBUG [main.cpp->handle_member_expr_of_add_call:269]	main::handle_member_expr_of_add_call ast is (dump)

2019/03/03 21:25:40 081813	DEBUG [main.cpp->match:246]	main::CXXMemberCallExprMemberExprMatcher. START matching. AST is:

2019/03/03 21:25:40 081817	DEBUG [main.cpp->handleMemberCallExpr:90]	main::handleMemberCallExpr: Start, recurse on mem and arg

2019/03/03 21:25:40 081820	DEBUG [main.cpp->handle_member_expr_of_add_call:264]	main::handle_member_expr_of_add_call at 0x334ab58

2019/03/03 21:25:40 081825	DEBUG [main.cpp->handle_member_expr_of_add_call:269]	main::handle_member_expr_of_add_call ast is (dump)

2019/03/03 21:25:40 081830	DEBUG [main.cpp->match:246]	main::CXXMemberCallExprMemberExprMatcher. START matching. AST is:

2019/03/03 21:25:40 081838	DEBUG [main.cpp->run:112]	main::HandlerForCXXMemberCallExprRight_DeclRefExpr: Start. DeclRefExpr = 0x334ab58

2019/03/03 21:25:40 297857	DEBUG [main.cpp->run:114]	main::HandlerForCXXMemberCallExprRight_DeclRefExpr: Done.

2019/03/03 21:25:40 297869	DEBUG [main.cpp->match:248]	main::CXXMemberCallExprMemberExprMatcher. DONE matching.

2019/03/03 21:25:40 297872	DEBUG [main.cpp->handle_member_expr_of_add_call:277]	main::handle_member_expr_of_add_call. Done. 

2019/03/03 21:25:40 297875	DEBUG [main.cpp->handle_arg0_of_add_call:215]	domain::VecExpr *handle_arg0_of_add_call. START matcher for AST node:

2019/03/03 21:25:40 297881	DEBUG [main.cpp->match:199]	CXXMemberCallExprArg0Matcher::match start

2019/03/03 21:25:40 297887	DEBUG [main.cpp->run:112]	main::HandlerForCXXMemberCallExprRight_DeclRefExpr: Start. DeclRefExpr = 0x334aba8

2019/03/03 21:25:40 529900	DEBUG [main.cpp->run:114]	main::HandlerForCXXMemberCallExprRight_DeclRefExpr: Done.

2019/03/03 21:25:40 529912	DEBUG [main.cpp->match:201]	CXXMemberCallExprArg0Matcher::match finish

2019/03/03 21:25:40 529914	DEBUG [main.cpp->handle_arg0_of_add_call:218]	domain::VecExpr *handle_arg0_of_add_call. Done.

2019/03/03 21:25:40 770007	DEBUG [main.cpp->handleMemberCallExpr:100]	main::handleMemberCallExpr: Done.

2019/03/03 21:25:40 770020	DEBUG [main.cpp->match:248]	main::CXXMemberCallExprMemberExprMatcher. DONE matching.

2019/03/03 21:25:40 770022	DEBUG [main.cpp->handle_member_expr_of_add_call:277]	main::handle_member_expr_of_add_call. Done. 

2019/03/03 21:25:40 770025	DEBUG [main.cpp->handle_arg0_of_add_call:215]	domain::VecExpr *handle_arg0_of_add_call. START matcher for AST node:

2019/03/03 21:25:40 770031	DEBUG [main.cpp->match:199]	CXXMemberCallExprArg0Matcher::match start

2019/03/03 21:25:40 770037	DEBUG [main.cpp->handleMemberCallExpr:90]	main::handleMemberCallExpr: Start, recurse on mem and arg

2019/03/03 21:25:40 770040	DEBUG [main.cpp->handle_member_expr_of_add_call:264]	main::handle_member_expr_of_add_call at 0x334ac20

2019/03/03 21:25:40 770042	DEBUG [main.cpp->handle_member_expr_of_add_call:269]	main::handle_member_expr_of_add_call ast is (dump)

2019/03/03 21:25:40 770048	DEBUG [main.cpp->match:246]	main::CXXMemberCallExprMemberExprMatcher. START matching. AST is:

2019/03/03 21:25:40 770058	DEBUG [main.cpp->run:112]	main::HandlerForCXXMemberCallExprRight_DeclRefExpr: Start. DeclRefExpr = 0x334ac20

2019/03/03 21:25:41 002025	DEBUG [main.cpp->run:114]	main::HandlerForCXXMemberCallExprRight_DeclRefExpr: Done.

2019/03/03 21:25:41 002037	DEBUG [main.cpp->match:248]	main::CXXMemberCallExprMemberExprMatcher. DONE matching.

2019/03/03 21:25:41 002040	DEBUG [main.cpp->handle_member_expr_of_add_call:277]	main::handle_member_expr_of_add_call. Done. 

2019/03/03 21:25:41 002043	DEBUG [main.cpp->handle_arg0_of_add_call:215]	domain::VecExpr *handle_arg0_of_add_call. START matcher for AST node:

2019/03/03 21:25:41 002050	DEBUG [main.cpp->match:199]	CXXMemberCallExprArg0Matcher::match start

2019/03/03 21:25:41 002056	DEBUG [main.cpp->run:112]	main::HandlerForCXXMemberCallExprRight_DeclRefExpr: Start. DeclRefExpr = 0x334ac70

2019/03/03 21:25:41 234184	DEBUG [main.cpp->run:114]	main::HandlerForCXXMemberCallExprRight_DeclRefExpr: Done.

2019/03/03 21:25:41 234196	DEBUG [main.cpp->match:201]	CXXMemberCallExprArg0Matcher::match finish

2019/03/03 21:25:41 234199	DEBUG [main.cpp->handle_arg0_of_add_call:218]	domain::VecExpr *handle_arg0_of_add_call. Done.

2019/03/03 21:25:41 498401	DEBUG [main.cpp->handleMemberCallExpr:100]	main::handleMemberCallExpr: Done.

2019/03/03 21:25:41 498414	DEBUG [main.cpp->match:201]	CXXMemberCallExprArg0Matcher::match finish

2019/03/03 21:25:41 498416	DEBUG [main.cpp->handle_arg0_of_add_call:218]	domain::VecExpr *handle_arg0_of_add_call. Done.

2019/03/03 21:25:41 954709	DEBUG [main.cpp->handleMemberCallExpr:100]	main::handleMemberCallExpr: Done.

2019/03/03 21:25:41 954720	DEBUG [main.cpp->run:170]	main::HandlerForCXXConstructAddExpr: Done.

2019/03/03 21:25:42 386914	DEBUG [Interpretation.cpp->mkVector_Expr:178]	Interpretation::mkVector_Expr. DONE

2019/03/03 21:25:42 386950	DEBUG [Domain.cpp->mkVector_Def:159]	Domain::mkVector_Def 
2019/03/03 21:25:42 386956	DEBUG [main.cpp->run:340]	VectorDeclStmtHandler::run: Done.

2019/03/03 21:25:42 386987	DEBUG [main.cpp->EndSourceFileAction:378]	STUB Analysis result

g3log g3FileSink shutdown at: 21:25:42 387259
