		g3log created log at: Sun Mar 03 19:53:52 2019
		LOG format: [YYYY/MM/DD hh:mm:ss uuu* LEVEL FILE->FUNCTION:LINE] messagen
		(uuu*: microseconds fractions of the seconds value)

2019/03/03 19:53:52 400741	DEBUG [main.cpp->run:333]	VectorDeclStmtHandler::run: START. AST (dump) is 

2019/03/03 19:53:55 282273	DEBUG [main.cpp->run:69]	main::HandlerForCXXConstructLitExpr::run. Start.

2019/03/03 19:53:55 674649	DEBUG [main.cpp->run:74]	main::HandlerForCXXConstructLitExpr::run. Done.

2019/03/03 19:53:55 674737	DEBUG [Domain.cpp->mkVector_Def:159]	Domain::mkVector_Def 
2019/03/03 19:53:55 674746	DEBUG [main.cpp->run:340]	VectorDeclStmtHandler::run: Done.

2019/03/03 19:53:55 674771	DEBUG [main.cpp->run:333]	VectorDeclStmtHandler::run: START. AST (dump) is 

2019/03/03 19:53:55 994896	DEBUG [main.cpp->run:69]	main::HandlerForCXXConstructLitExpr::run. Start.

2019/03/03 19:53:56 290888	DEBUG [main.cpp->run:74]	main::HandlerForCXXConstructLitExpr::run. Done.

2019/03/03 19:53:56 290924	DEBUG [Domain.cpp->mkVector_Def:159]	Domain::mkVector_Def 
2019/03/03 19:53:56 290930	DEBUG [main.cpp->run:340]	VectorDeclStmtHandler::run: Done.

2019/03/03 19:53:56 290954	DEBUG [main.cpp->run:333]	VectorDeclStmtHandler::run: START. AST (dump) is 

2019/03/03 19:53:56 581091	DEBUG [main.cpp->run:160]	main::HandlerForCXXConstructAddExpr: START. CXXConstructExpr is:

2019/03/03 19:53:56 581102	DEBUG [main.cpp->handleMemberCallExpr:90]	main::handleMemberCallExpr: Start, recurse on mem and arg

2019/03/03 19:53:56 581111	DEBUG [main.cpp->handle_member_expr_of_add_call:264]	main::handle_member_expr_of_add_call at 0x33ddbc8

2019/03/03 19:53:56 581114	DEBUG [main.cpp->handle_member_expr_of_add_call:269]	main::handle_member_expr_of_add_call ast is (dump)

2019/03/03 19:53:56 581126	DEBUG [main.cpp->match:246]	main::CXXMemberCallExprMemberExprMatcher. START matching. AST is:

2019/03/03 19:53:56 581130	DEBUG [main.cpp->handleMemberCallExpr:90]	main::handleMemberCallExpr: Start, recurse on mem and arg

2019/03/03 19:53:56 581133	DEBUG [main.cpp->handle_member_expr_of_add_call:264]	main::handle_member_expr_of_add_call at 0x33ddb58

2019/03/03 19:53:56 581136	DEBUG [main.cpp->handle_member_expr_of_add_call:269]	main::handle_member_expr_of_add_call ast is (dump)

2019/03/03 19:53:56 581141	DEBUG [main.cpp->match:246]	main::CXXMemberCallExprMemberExprMatcher. START matching. AST is:

2019/03/03 19:53:56 581146	DEBUG [main.cpp->run:112]	main::HandlerForCXXMemberCallExprRight_DeclRefExpr: Start. DeclRefExpr = 0x33ddb58

2019/03/03 19:53:56 851050	DEBUG [main.cpp->run:114]	main::HandlerForCXXMemberCallExprRight_DeclRefExpr: Done.

2019/03/03 19:53:56 851062	DEBUG [main.cpp->match:248]	main::CXXMemberCallExprMemberExprMatcher. DONE matching.

2019/03/03 19:53:56 851064	DEBUG [main.cpp->handle_member_expr_of_add_call:277]	main::handle_member_expr_of_add_call. Done. 

2019/03/03 19:53:56 851068	DEBUG [main.cpp->handle_arg0_of_add_call:215]	domain::VecExpr *handle_arg0_of_add_call. START matcher for AST node:

2019/03/03 19:53:56 851074	DEBUG [main.cpp->match:199]	CXXMemberCallExprArg0Matcher::match start

2019/03/03 19:53:56 851081	DEBUG [main.cpp->run:112]	main::HandlerForCXXMemberCallExprRight_DeclRefExpr: Start. DeclRefExpr = 0x33ddba8

2019/03/03 19:53:57 155137	DEBUG [main.cpp->run:114]	main::HandlerForCXXMemberCallExprRight_DeclRefExpr: Done.

2019/03/03 19:53:57 155148	DEBUG [main.cpp->match:201]	CXXMemberCallExprArg0Matcher::match finish

2019/03/03 19:53:57 155151	DEBUG [main.cpp->handle_arg0_of_add_call:218]	domain::VecExpr *handle_arg0_of_add_call. Done.

2019/03/03 19:53:57 491301	DEBUG [main.cpp->handleMemberCallExpr:100]	main::handleMemberCallExpr: Done.

2019/03/03 19:53:57 491312	DEBUG [main.cpp->match:248]	main::CXXMemberCallExprMemberExprMatcher. DONE matching.

2019/03/03 19:53:57 491314	DEBUG [main.cpp->handle_member_expr_of_add_call:277]	main::handle_member_expr_of_add_call. Done. 

2019/03/03 19:53:57 491318	DEBUG [main.cpp->handle_arg0_of_add_call:215]	domain::VecExpr *handle_arg0_of_add_call. START matcher for AST node:

2019/03/03 19:53:57 491325	DEBUG [main.cpp->match:199]	CXXMemberCallExprArg0Matcher::match start

2019/03/03 19:53:57 491331	DEBUG [main.cpp->handleMemberCallExpr:90]	main::handleMemberCallExpr: Start, recurse on mem and arg

2019/03/03 19:53:57 491335	DEBUG [main.cpp->handle_member_expr_of_add_call:264]	main::handle_member_expr_of_add_call at 0x33ddc20

2019/03/03 19:53:57 491337	DEBUG [main.cpp->handle_member_expr_of_add_call:269]	main::handle_member_expr_of_add_call ast is (dump)

2019/03/03 19:53:57 491344	DEBUG [main.cpp->match:246]	main::CXXMemberCallExprMemberExprMatcher. START matching. AST is:

2019/03/03 19:53:57 491353	DEBUG [main.cpp->run:112]	main::HandlerForCXXMemberCallExprRight_DeclRefExpr: Start. DeclRefExpr = 0x33ddc20

2019/03/03 19:53:57 805631	DEBUG [main.cpp->run:114]	main::HandlerForCXXMemberCallExprRight_DeclRefExpr: Done.

2019/03/03 19:53:57 805642	DEBUG [main.cpp->match:248]	main::CXXMemberCallExprMemberExprMatcher. DONE matching.

2019/03/03 19:53:57 805644	DEBUG [main.cpp->handle_member_expr_of_add_call:277]	main::handle_member_expr_of_add_call. Done. 

2019/03/03 19:53:57 805648	DEBUG [main.cpp->handle_arg0_of_add_call:215]	domain::VecExpr *handle_arg0_of_add_call. START matcher for AST node:

2019/03/03 19:53:57 805654	DEBUG [main.cpp->match:199]	CXXMemberCallExprArg0Matcher::match start

2019/03/03 19:53:57 805661	DEBUG [main.cpp->run:112]	main::HandlerForCXXMemberCallExprRight_DeclRefExpr: Start. DeclRefExpr = 0x33ddc70

2019/03/03 19:53:58 131673	DEBUG [main.cpp->run:114]	main::HandlerForCXXMemberCallExprRight_DeclRefExpr: Done.

2019/03/03 19:53:58 131684	DEBUG [main.cpp->match:201]	CXXMemberCallExprArg0Matcher::match finish

2019/03/03 19:53:58 131687	DEBUG [main.cpp->handle_arg0_of_add_call:218]	domain::VecExpr *handle_arg0_of_add_call. Done.

2019/03/03 19:53:58 494762	DEBUG [main.cpp->handleMemberCallExpr:100]	main::handleMemberCallExpr: Done.

2019/03/03 19:53:58 494774	DEBUG [main.cpp->match:201]	CXXMemberCallExprArg0Matcher::match finish

2019/03/03 19:53:58 494776	DEBUG [main.cpp->handle_arg0_of_add_call:218]	domain::VecExpr *handle_arg0_of_add_call. Done.

2019/03/03 19:53:58 891976	DEBUG [main.cpp->handleMemberCallExpr:100]	main::handleMemberCallExpr: Done.

2019/03/03 19:53:58 891985	DEBUG [main.cpp->run:170]	main::HandlerForCXXConstructAddExpr: Done.

2019/03/03 19:53:59 356469	DEBUG [Interpretation.cpp->mkVector_Expr:178]	Interpretation::mkVector_Expr. DONE

2019/03/03 19:53:59 356500	DEBUG [Domain.cpp->mkVector_Def:159]	Domain::mkVector_Def 
2019/03/03 19:53:59 356509	DEBUG [main.cpp->run:340]	VectorDeclStmtHandler::run: Done.

2019/03/03 19:53:59 356539	DEBUG [main.cpp->EndSourceFileAction:378]	STUB Analysis result

g3log g3FileSink shutdown at: 19:53:59 356883
