		g3log created log at: Fri Mar 08 10:45:46 2019
		LOG format: [YYYY/MM/DD hh:mm:ss uuu* LEVEL FILE->FUNCTION:LINE] messagen
		(uuu*: microseconds fractions of the seconds value)

2019/03/08 10:45:46 778338	DEBUG [main.cpp->run:333]	VectorDeclStmtHandler::run: START. AST (dump) is 

2019/03/08 10:45:47 514629	DEBUG [main.cpp->run:69]	main::HandlerForCXXConstructLitExpr::run. Start.

2019/03/08 10:45:47 914210	DEBUG [main.cpp->run:74]	main::HandlerForCXXConstructLitExpr::run. Done.

2019/03/08 10:45:47 914281	DEBUG [Domain.cpp->mkVector_Def:159]	Domain::mkVector_Def 
2019/03/08 10:45:47 914328	DEBUG [main.cpp->run:340]	VectorDeclStmtHandler::run: Done.

2019/03/08 10:45:47 914359	DEBUG [main.cpp->run:333]	VectorDeclStmtHandler::run: START. AST (dump) is 

2019/03/08 10:45:48 338206	DEBUG [main.cpp->run:69]	main::HandlerForCXXConstructLitExpr::run. Start.

2019/03/08 10:45:48 778095	DEBUG [main.cpp->run:74]	main::HandlerForCXXConstructLitExpr::run. Done.

2019/03/08 10:45:48 778132	DEBUG [Domain.cpp->mkVector_Def:159]	Domain::mkVector_Def 
2019/03/08 10:45:48 778147	DEBUG [main.cpp->run:340]	VectorDeclStmtHandler::run: Done.

2019/03/08 10:45:48 778191	DEBUG [main.cpp->run:333]	VectorDeclStmtHandler::run: START. AST (dump) is 

2019/03/08 10:45:49 242257	DEBUG [main.cpp->run:160]	main::HandlerForCXXConstructAddExpr: START. CXXConstructExpr is:

2019/03/08 10:45:49 242268	DEBUG [main.cpp->handleMemberCallExpr:90]	main::handleMemberCallExpr: Start, recurse on mem and arg

2019/03/08 10:45:49 242275	DEBUG [main.cpp->handle_member_expr_of_add_call:264]	main::handle_member_expr_of_add_call at 0x55cbd334f3b8

2019/03/08 10:45:49 242277	DEBUG [main.cpp->handle_member_expr_of_add_call:269]	main::handle_member_expr_of_add_call ast is (dump)

2019/03/08 10:45:49 242285	DEBUG [main.cpp->match:246]	main::CXXMemberCallExprMemberExprMatcher. START matching. AST is:

2019/03/08 10:45:49 242288	DEBUG [main.cpp->handleMemberCallExpr:90]	main::handleMemberCallExpr: Start, recurse on mem and arg

2019/03/08 10:45:49 242291	DEBUG [main.cpp->handle_member_expr_of_add_call:264]	main::handle_member_expr_of_add_call at 0x55cbd334f348

2019/03/08 10:45:49 242294	DEBUG [main.cpp->handle_member_expr_of_add_call:269]	main::handle_member_expr_of_add_call ast is (dump)

2019/03/08 10:45:49 242298	DEBUG [main.cpp->match:246]	main::CXXMemberCallExprMemberExprMatcher. START matching. AST is:

2019/03/08 10:45:49 242323	DEBUG [main.cpp->run:112]	main::HandlerForCXXMemberCallExprRight_DeclRefExpr: Start. DeclRefExpr = 0x55cbd334f348

2019/03/08 10:45:49 762287	DEBUG [CoordsToInterp.cpp->putVecVarExpr:85]	CoordsToInterp::putVecVarExpr c v2

2019/03/08 10:45:49 762295	DEBUG [CoordsToInterp.cpp->putVecVarExpr:86]	CoordsToInterp::putVecVarExpr d ( v2 : time )

2019/03/08 10:45:49 762299	DEBUG [CoordsToInterp.cpp->putVecVarExpr:92]	Debug ( v2 : time )

2019/03/08 10:45:49 762467	FATAL [Interp.cpp->toString:31]	
	*******	 EXIT trigger caused by LOG(FATAL) entry: 
	"Interp::toString: Error. Should not be called. Abstract.

*******	STACKDUMP *******

	stack dump [1]  /usr/local/lib/libg3logger.so.1.3.2-74 : LogCapture::LogCapture(char const*, int, char const*, LEVELS const&, char const*, int, char const*)+0x31f [0x7f0b3a7094df]
	stack dump [2]  build/ASTMatcher+0x43a86a [0x55cbd039086a]
	stack dump [3]  build/ASTMatcher+0x4030df [0x55cbd03590df]
	stack dump [4]  build/ASTMatcher+0x42b89c [0x55cbd038189c]
	stack dump [5]  build/ASTMatcher+0x692c50 [0x55cbd05e8c50]
	stack dump [6]  build/ASTMatcher+0x6b4658 [0x55cbd060a658]
	stack dump [7]  build/ASTMatcher+0x6947b9 [0x55cbd05ea7b9]
	stack dump [8]  build/ASTMatcher+0x694c12 [0x55cbd05eac12]
	stack dump [9]  build/ASTMatcher+0x42ea59 [0x55cbd0384a59]
	stack dump [10]  build/ASTMatcher+0x42ca5a [0x55cbd0382a5a]
	stack dump [11]  build/ASTMatcher+0x42902c [0x55cbd037f02c]
	stack dump [12]  build/ASTMatcher+0x428998 [0x55cbd037e998]
	stack dump [13]  build/ASTMatcher+0x42bb3b [0x55cbd0381b3b]
	stack dump [14]  build/ASTMatcher+0x692c50 [0x55cbd05e8c50]
	stack dump [15]  build/ASTMatcher+0x6b4658 [0x55cbd060a658]
	stack dump [16]  build/ASTMatcher+0x6947b9 [0x55cbd05ea7b9]
	stack dump [17]  build/ASTMatcher+0x694c12 [0x55cbd05eac12]
	stack dump [18]  build/ASTMatcher+0x42ea59 [0x55cbd0384a59]
	stack dump [19]  build/ASTMatcher+0x42ca5a [0x55cbd0382a5a]
	stack dump [20]  build/ASTMatcher+0x42902c [0x55cbd037f02c]
	stack dump [21]  build/ASTMatcher+0x428998 [0x55cbd037e998]
	stack dump [22]  build/ASTMatcher+0x42be97 [0x55cbd0381e97]
	stack dump [23]  build/ASTMatcher+0x692c50 [0x55cbd05e8c50]
	stack dump [24]  build/ASTMatcher+0x6b4658 [0x55cbd060a658]
	stack dump [25]  build/ASTMatcher+0x6947b9 [0x55cbd05ea7b9]
	stack dump [26]  build/ASTMatcher+0x694c12 [0x55cbd05eac12]
	stack dump [27]  build/ASTMatcher+0x42f163 [0x55cbd0385163]
	stack dump [28]  build/ASTMatcher+0x42d23d [0x55cbd038323d]
	stack dump [29]  build/ASTMatcher+0x42d462 [0x55cbd0383462]
	stack dump [30]  build/ASTMatcher+0x692c50 [0x55cbd05e8c50]
	stack dump [31]  build/ASTMatcher+0x6b4658 [0x55cbd060a658]
	stack dump [32]  build/ASTMatcher+0x6947b9 [0x55cbd05ea7b9]
	stack dump [33]  build/ASTMatcher+0x6a70b7 [0x55cbd05fd0b7]
	stack dump [34]  build/ASTMatcher+0x31d635 [0x55cbd0273635]
	stack dump [35]  build/ASTMatcher+0x6a8b29 [0x55cbd05feb29]
	stack dump [36]  build/ASTMatcher+0x6b0834 [0x55cbd0606834]
	stack dump [37]  build/ASTMatcher+0x6a48eb [0x55cbd05fa8eb]
	stack dump [38]  build/ASTMatcher+0x6a6aa1 [0x55cbd05fcaa1]
	stack dump [39]  build/ASTMatcher+0x6a4864 [0x55cbd05fa864]
	stack dump [40]  build/ASTMatcher+0x6a66f0 [0x55cbd05fc6f0]
	stack dump [41]  build/ASTMatcher+0x42db51 [0x55cbd0383b51]
	stack dump [42]  build/ASTMatcher+0x862ef1 [0x55cbd07b8ef1]
	stack dump [43]  build/ASTMatcher+0x6f9e6e [0x55cbd064fe6e]
	stack dump [44]  build/ASTMatcher+0x729a66 [0x55cbd067fa66]
	stack dump [45]  build/ASTMatcher+0x105b9ef [0x55cbd0fb19ef]
	stack dump [46]  build/ASTMatcher+0x1053589 [0x55cbd0fa9589]
	stack dump [47]  build/ASTMatcher+0x1056bdd [0x55cbd0facbdd]
	stack dump [48]  build/ASTMatcher+0x1059c77 [0x55cbd0fafc77]
	stack dump [49]  build/ASTMatcher+0x429564 [0x55cbd037f564]

Exiting after fatal event  (FATAL). Fatal type:  SIGABRT
Log content flushed sucessfully to sink

"g3log g3FileSink shutdown at: 10:45:49 762642
