		g3log created log at: Wed Mar 06 13:23:26 2019
		LOG format: [YYYY/MM/DD hh:mm:ss uuu* LEVEL FILE->FUNCTION:LINE] messagen
		(uuu*: microseconds fractions of the seconds value)

2019/03/06 13:23:26 958661	DEBUG [main.cpp->run:333]	VectorDeclStmtHandler::run: START. AST (dump) is 

2019/03/06 13:23:29 799299	DEBUG [main.cpp->run:69]	main::HandlerForCXXConstructLitExpr::run. Start.

2019/03/06 13:23:30 111187	DEBUG [main.cpp->run:74]	main::HandlerForCXXConstructLitExpr::run. Done.

2019/03/06 13:23:30 111262	DEBUG [Domain.cpp->mkVector_Def:159]	Domain::mkVector_Def 
2019/03/06 13:23:30 111288	DEBUG [main.cpp->run:340]	VectorDeclStmtHandler::run: Done.

2019/03/06 13:23:30 111313	DEBUG [main.cpp->run:333]	VectorDeclStmtHandler::run: START. AST (dump) is 

2019/03/06 13:23:30 511061	DEBUG [main.cpp->run:69]	main::HandlerForCXXConstructLitExpr::run. Start.

2019/03/06 13:23:30 862969	DEBUG [main.cpp->run:74]	main::HandlerForCXXConstructLitExpr::run. Done.

2019/03/06 13:23:30 863006	DEBUG [Domain.cpp->mkVector_Def:159]	Domain::mkVector_Def 
2019/03/06 13:23:30 863027	DEBUG [main.cpp->run:340]	VectorDeclStmtHandler::run: Done.

2019/03/06 13:23:30 863055	DEBUG [main.cpp->run:333]	VectorDeclStmtHandler::run: START. AST (dump) is 

2019/03/06 13:23:31 159219	DEBUG [main.cpp->run:160]	main::HandlerForCXXConstructAddExpr: START. CXXConstructExpr is:

2019/03/06 13:23:31 159230	DEBUG [main.cpp->handleMemberCallExpr:90]	main::handleMemberCallExpr: Start, recurse on mem and arg

2019/03/06 13:23:31 159238	DEBUG [main.cpp->handle_member_expr_of_add_call:264]	main::handle_member_expr_of_add_call at 0x44033b8

2019/03/06 13:23:31 159240	DEBUG [main.cpp->handle_member_expr_of_add_call:269]	main::handle_member_expr_of_add_call ast is (dump)

2019/03/06 13:23:31 159251	DEBUG [main.cpp->match:246]	main::CXXMemberCallExprMemberExprMatcher. START matching. AST is:

2019/03/06 13:23:31 159255	DEBUG [main.cpp->handleMemberCallExpr:90]	main::handleMemberCallExpr: Start, recurse on mem and arg

2019/03/06 13:23:31 159257	DEBUG [main.cpp->handle_member_expr_of_add_call:264]	main::handle_member_expr_of_add_call at 0x4403348

2019/03/06 13:23:31 159262	DEBUG [main.cpp->handle_member_expr_of_add_call:269]	main::handle_member_expr_of_add_call ast is (dump)

2019/03/06 13:23:31 159268	DEBUG [main.cpp->match:246]	main::CXXMemberCallExprMemberExprMatcher. START matching. AST is:

2019/03/06 13:23:31 159272	DEBUG [main.cpp->run:112]	main::HandlerForCXXMemberCallExprRight_DeclRefExpr: Start. DeclRefExpr = 0x4403348

2019/03/06 13:23:31 439252	DEBUG [main.cpp->run:114]	main::HandlerForCXXMemberCallExprRight_DeclRefExpr: Done.

2019/03/06 13:23:31 439264	DEBUG [main.cpp->match:248]	main::CXXMemberCallExprMemberExprMatcher. DONE matching.

2019/03/06 13:23:31 439266	DEBUG [main.cpp->handle_member_expr_of_add_call:277]	main::handle_member_expr_of_add_call. Done. 

2019/03/06 13:23:31 439270	DEBUG [main.cpp->handle_arg0_of_add_call:215]	domain::VecExpr *handle_arg0_of_add_call. START matcher for AST node:

2019/03/06 13:23:31 439276	DEBUG [main.cpp->match:199]	CXXMemberCallExprArg0Matcher::match start

2019/03/06 13:23:31 439288	DEBUG [main.cpp->run:112]	main::HandlerForCXXMemberCallExprRight_DeclRefExpr: Start. DeclRefExpr = 0x4403398

2019/03/06 13:23:31 695252	DEBUG [main.cpp->run:114]	main::HandlerForCXXMemberCallExprRight_DeclRefExpr: Done.

2019/03/06 13:23:31 695264	DEBUG [main.cpp->match:201]	CXXMemberCallExprArg0Matcher::match finish

2019/03/06 13:23:31 695267	DEBUG [main.cpp->handle_arg0_of_add_call:218]	domain::VecExpr *handle_arg0_of_add_call. Done.

2019/03/06 13:23:31 951057	DEBUG [main.cpp->handleMemberCallExpr:100]	main::handleMemberCallExpr: Done.

2019/03/06 13:23:31 951069	DEBUG [main.cpp->match:248]	main::CXXMemberCallExprMemberExprMatcher. DONE matching.

2019/03/06 13:23:31 951071	DEBUG [main.cpp->handle_member_expr_of_add_call:277]	main::handle_member_expr_of_add_call. Done. 

2019/03/06 13:23:31 951075	DEBUG [main.cpp->handle_arg0_of_add_call:215]	domain::VecExpr *handle_arg0_of_add_call. START matcher for AST node:

2019/03/06 13:23:31 951081	DEBUG [main.cpp->match:199]	CXXMemberCallExprArg0Matcher::match start

2019/03/06 13:23:31 951091	DEBUG [main.cpp->handleMemberCallExpr:90]	main::handleMemberCallExpr: Start, recurse on mem and arg

2019/03/06 13:23:31 951095	DEBUG [main.cpp->handle_member_expr_of_add_call:264]	main::handle_member_expr_of_add_call at 0x4403410

2019/03/06 13:23:31 951098	DEBUG [main.cpp->handle_member_expr_of_add_call:269]	main::handle_member_expr_of_add_call ast is (dump)

2019/03/06 13:23:31 951104	DEBUG [main.cpp->match:246]	main::CXXMemberCallExprMemberExprMatcher. START matching. AST is:

2019/03/06 13:23:31 951108	DEBUG [main.cpp->run:112]	main::HandlerForCXXMemberCallExprRight_DeclRefExpr: Start. DeclRefExpr = 0x4403410

2019/03/06 13:23:32 222994	DEBUG [main.cpp->run:114]	main::HandlerForCXXMemberCallExprRight_DeclRefExpr: Done.

2019/03/06 13:23:32 223005	DEBUG [main.cpp->match:248]	main::CXXMemberCallExprMemberExprMatcher. DONE matching.

2019/03/06 13:23:32 223007	DEBUG [main.cpp->handle_member_expr_of_add_call:277]	main::handle_member_expr_of_add_call. Done. 

2019/03/06 13:23:32 223011	DEBUG [main.cpp->handle_arg0_of_add_call:215]	domain::VecExpr *handle_arg0_of_add_call. START matcher for AST node:

2019/03/06 13:23:32 223017	DEBUG [main.cpp->match:199]	CXXMemberCallExprArg0Matcher::match start

2019/03/06 13:23:32 223023	DEBUG [main.cpp->run:112]	main::HandlerForCXXMemberCallExprRight_DeclRefExpr: Start. DeclRefExpr = 0x4403460

2019/03/06 13:23:32 527275	DEBUG [main.cpp->run:114]	main::HandlerForCXXMemberCallExprRight_DeclRefExpr: Done.

2019/03/06 13:23:32 527287	DEBUG [main.cpp->match:201]	CXXMemberCallExprArg0Matcher::match finish

2019/03/06 13:23:32 527290	DEBUG [main.cpp->handle_arg0_of_add_call:218]	domain::VecExpr *handle_arg0_of_add_call. Done.

2019/03/06 13:23:32 903207	DEBUG [main.cpp->handleMemberCallExpr:100]	main::handleMemberCallExpr: Done.

2019/03/06 13:23:32 903218	DEBUG [main.cpp->match:201]	CXXMemberCallExprArg0Matcher::match finish

2019/03/06 13:23:32 903220	DEBUG [main.cpp->handle_arg0_of_add_call:218]	domain::VecExpr *handle_arg0_of_add_call. Done.

2019/03/06 13:23:33 239140	DEBUG [main.cpp->handleMemberCallExpr:100]	main::handleMemberCallExpr: Done.

2019/03/06 13:23:33 239149	DEBUG [main.cpp->run:170]	main::HandlerForCXXConstructAddExpr: Done.

2019/03/06 13:23:33 559044	DEBUG [Interpretation.cpp->mkVector_Expr:138]	Interpretation::mkVector_Expr. DONE

2019/03/06 13:23:33 559077	DEBUG [Domain.cpp->mkVector_Def:159]	Domain::mkVector_Def 
2019/03/06 13:23:33 559101	DEBUG [main.cpp->run:340]	VectorDeclStmtHandler::run: Done.

2019/03/06 13:23:33 559138	DEBUG [main.cpp->EndSourceFileAction:378]	STUB Analysis result

2019/03/06 13:23:33 559365

***** FATAL SIGNAL RECEIVED ******* 
Received fatal signal: SIGSEGV(11)	PID: 22614

***** SIGNAL SIGSEGV(11)

*******	STACKDUMP *******
	stack dump [1]  /usr/local/lib/libg3logger.so.1.3.2-74+0x1147e [0x7f15f87ba47e]
	stack dump [2]  /lib/x86_64-linux-gnu/libpthread.so.0+0x12890 [0x7f15f9150890]
	stack dump [3]  build/ASTMatcher() [0x562cdc]
	stack dump [4]  build/ASTMatcher() [0x562086]
	stack dump [5]  build/ASTMatcher() [0x551530]
	stack dump [6]  build/ASTMatcher() [0x54fa97]
	stack dump [7]  /lib/x86_64-linux-gnu/libc.so.6__libc_start_main+0xe7 [0x7f15f7e38b97]
	stack dump [8]  build/ASTMatcher() [0x4ed90a]

Exiting after fatal event  (FATAL_SIGNAL). Fatal type:  SIGSEGV
Log content flushed sucessfully to sink


g3log g3FileSink shutdown at: 13:23:33 559491
