		g3log created log at: Thu Mar 07 17:17:25 2019
		LOG format: [YYYY/MM/DD hh:mm:ss uuu* LEVEL FILE->FUNCTION:LINE] messagen
		(uuu*: microseconds fractions of the seconds value)

2019/03/07 17:17:25 876844	DEBUG [main.cpp->run:333]	VectorDeclStmtHandler::run: START. AST (dump) is 

2019/03/07 17:17:27 605229	DEBUG [main.cpp->run:69]	main::HandlerForCXXConstructLitExpr::run. Start.

2019/03/07 17:17:27 973170	DEBUG [main.cpp->run:74]	main::HandlerForCXXConstructLitExpr::run. Done.

2019/03/07 17:17:27 973247	DEBUG [Domain.cpp->mkVector_Def:159]	Domain::mkVector_Def 
2019/03/07 17:17:27 973268	DEBUG [main.cpp->run:340]	VectorDeclStmtHandler::run: Done.

2019/03/07 17:17:27 973293	DEBUG [main.cpp->run:333]	VectorDeclStmtHandler::run: START. AST (dump) is 

2019/03/07 17:17:28 285179	DEBUG [main.cpp->run:69]	main::HandlerForCXXConstructLitExpr::run. Start.

2019/03/07 17:17:28 567911	DEBUG [main.cpp->run:74]	main::HandlerForCXXConstructLitExpr::run. Done.

2019/03/07 17:17:28 567962	DEBUG [Domain.cpp->mkVector_Def:159]	Domain::mkVector_Def 
2019/03/07 17:17:28 567984	DEBUG [main.cpp->run:340]	VectorDeclStmtHandler::run: Done.

2019/03/07 17:17:28 568011	DEBUG [main.cpp->run:333]	VectorDeclStmtHandler::run: START. AST (dump) is 

2019/03/07 17:17:28 967687	DEBUG [main.cpp->run:160]	main::HandlerForCXXConstructAddExpr: START. CXXConstructExpr is:

2019/03/07 17:17:28 967698	DEBUG [main.cpp->handleMemberCallExpr:90]	main::handleMemberCallExpr: Start, recurse on mem and arg

2019/03/07 17:17:28 967706	DEBUG [main.cpp->handle_member_expr_of_add_call:264]	main::handle_member_expr_of_add_call at 0x5555579c83b8

2019/03/07 17:17:28 967708	DEBUG [main.cpp->handle_member_expr_of_add_call:269]	main::handle_member_expr_of_add_call ast is (dump)

2019/03/07 17:17:28 967716	DEBUG [main.cpp->match:246]	main::CXXMemberCallExprMemberExprMatcher. START matching. AST is:

2019/03/07 17:17:28 967720	DEBUG [main.cpp->handleMemberCallExpr:90]	main::handleMemberCallExpr: Start, recurse on mem and arg

2019/03/07 17:17:28 967722	DEBUG [main.cpp->handle_member_expr_of_add_call:264]	main::handle_member_expr_of_add_call at 0x5555579c8348

2019/03/07 17:17:28 967725	DEBUG [main.cpp->handle_member_expr_of_add_call:269]	main::handle_member_expr_of_add_call ast is (dump)

2019/03/07 17:17:28 967732	DEBUG [main.cpp->match:246]	main::CXXMemberCallExprMemberExprMatcher. START matching. AST is:

2019/03/07 17:17:28 967736	DEBUG [main.cpp->run:112]	main::HandlerForCXXMemberCallExprRight_DeclRefExpr: Start. DeclRefExpr = 0x5555579c8348

2019/03/07 17:17:45 430500	DEBUG [CoordsToInterp.cpp->putVecVarExpr:85]	CoordsToInterp::putVecVarExpr c v2

2019/03/07 17:17:46 417088	DEBUG [CoordsToInterp.cpp->putVecVarExpr:86]	CoordsToInterp::putVecVarExpr d ( v2 : time )

2019/03/07 17:17:57 632499	DEBUG [CoordsToInterp.cpp->putVecVarExpr:92]	Debug ( v2 : time )

2019/03/07 17:18:01 638340	DEBUG [Interpretation.cpp->mkVecVarExpr:63]	( v2 : time )
2019/03/07 17:18:01 638362	DEBUG [main.cpp->run:114]	main::HandlerForCXXMemberCallExprRight_DeclRefExpr: Done.

2019/03/07 17:18:01 638367	DEBUG [main.cpp->match:248]	main::CXXMemberCallExprMemberExprMatcher. DONE matching.

2019/03/07 17:18:01 638369	DEBUG [main.cpp->handle_member_expr_of_add_call:277]	main::handle_member_expr_of_add_call. Done. 

2019/03/07 17:18:01 638372	DEBUG [main.cpp->handle_arg0_of_add_call:215]	domain::VecExpr *handle_arg0_of_add_call. START matcher for AST node:

2019/03/07 17:18:01 638379	DEBUG [main.cpp->match:199]	CXXMemberCallExprArg0Matcher::match start

2019/03/07 17:18:01 638390	DEBUG [main.cpp->run:112]	main::HandlerForCXXMemberCallExprRight_DeclRefExpr: Start. DeclRefExpr = 0x5555579c8398

2019/03/07 17:18:14 383008	DEBUG [CoordsToInterp.cpp->putVecVarExpr:85]	CoordsToInterp::putVecVarExpr c v1

2019/03/07 17:18:17 076413	DEBUG [CoordsToInterp.cpp->putVecVarExpr:86]	CoordsToInterp::putVecVarExpr d ( v1 : time )

2019/03/07 17:18:27 911603	DEBUG [CoordsToInterp.cpp->putVecVarExpr:92]	Debug ( v1 : time )

2019/03/07 17:18:30 789240	DEBUG [Interpretation.cpp->mkVecVarExpr:63]	( v1 : time )
2019/03/07 17:18:30 789248	DEBUG [main.cpp->run:114]	main::HandlerForCXXMemberCallExprRight_DeclRefExpr: Done.

2019/03/07 17:18:30 789253	DEBUG [main.cpp->match:201]	CXXMemberCallExprArg0Matcher::match finish

2019/03/07 17:18:30 789266	DEBUG [main.cpp->handle_arg0_of_add_call:218]	domain::VecExpr *handle_arg0_of_add_call. Done.

2019/03/07 17:18:35 181231	DEBUG [Interpretation.cpp->mkVecVecAddExpr:87]	Interpretation::mkVecVecAddExpr: Mem_Coords: v2

2019/03/07 17:18:35 181239	DEBUG [Interpretation.cpp->mkVecVecAddExpr:88]	Interpretation::mkVecVecAddExpr: Arg_Coords: v1

