		g3log created log at: Wed Mar 06 16:40:42 2019
		LOG format: [YYYY/MM/DD hh:mm:ss uuu* LEVEL FILE->FUNCTION:LINE] messagen
		(uuu*: microseconds fractions of the seconds value)

2019/03/06 16:40:42 294593	DEBUG [main.cpp->run:333]	VectorDeclStmtHandler::run: START. AST (dump) is 

2019/03/06 16:40:43 206855	DEBUG [main.cpp->run:69]	main::HandlerForCXXConstructLitExpr::run. Start.

2019/03/06 16:40:43 490400	DEBUG [main.cpp->run:74]	main::HandlerForCXXConstructLitExpr::run. Done.

2019/03/06 16:40:43 490474	DEBUG [Domain.cpp->mkVector_Def:159]	Domain::mkVector_Def 
2019/03/06 16:40:43 490496	DEBUG [main.cpp->run:340]	VectorDeclStmtHandler::run: Done.

2019/03/06 16:40:43 490555	DEBUG [main.cpp->run:333]	VectorDeclStmtHandler::run: START. AST (dump) is 

2019/03/06 16:40:43 806860	DEBUG [main.cpp->run:69]	main::HandlerForCXXConstructLitExpr::run. Start.

2019/03/06 16:40:44 142683	DEBUG [main.cpp->run:74]	main::HandlerForCXXConstructLitExpr::run. Done.

2019/03/06 16:40:44 142720	DEBUG [Domain.cpp->mkVector_Def:159]	Domain::mkVector_Def 
2019/03/06 16:40:44 142741	DEBUG [main.cpp->run:340]	VectorDeclStmtHandler::run: Done.

2019/03/06 16:40:44 142770	DEBUG [main.cpp->run:333]	VectorDeclStmtHandler::run: START. AST (dump) is 

2019/03/06 16:40:44 518977	DEBUG [main.cpp->run:160]	main::HandlerForCXXConstructAddExpr: START. CXXConstructExpr is:

2019/03/06 16:40:44 518986	DEBUG [main.cpp->handleMemberCallExpr:90]	main::handleMemberCallExpr: Start, recurse on mem and arg

2019/03/06 16:40:44 518995	DEBUG [main.cpp->handle_member_expr_of_add_call:264]	main::handle_member_expr_of_add_call at 0x2b9d3b8

2019/03/06 16:40:44 518996	DEBUG [main.cpp->handle_member_expr_of_add_call:269]	main::handle_member_expr_of_add_call ast is (dump)

2019/03/06 16:40:44 519003	DEBUG [main.cpp->match:246]	main::CXXMemberCallExprMemberExprMatcher. START matching. AST is:

2019/03/06 16:40:44 519005	DEBUG [main.cpp->handleMemberCallExpr:90]	main::handleMemberCallExpr: Start, recurse on mem and arg

2019/03/06 16:40:44 519006	DEBUG [main.cpp->handle_member_expr_of_add_call:264]	main::handle_member_expr_of_add_call at 0x2b9d348

2019/03/06 16:40:44 519008	DEBUG [main.cpp->handle_member_expr_of_add_call:269]	main::handle_member_expr_of_add_call ast is (dump)

2019/03/06 16:40:44 519010	DEBUG [main.cpp->match:246]	main::CXXMemberCallExprMemberExprMatcher. START matching. AST is:

2019/03/06 16:40:44 519013	DEBUG [main.cpp->run:112]	main::HandlerForCXXMemberCallExprRight_DeclRefExpr: Start. DeclRefExpr = 0x2b9d348

2019/03/06 16:40:44 846732	DEBUG [main.cpp->run:114]	main::HandlerForCXXMemberCallExprRight_DeclRefExpr: Done.

2019/03/06 16:40:44 846743	DEBUG [main.cpp->match:248]	main::CXXMemberCallExprMemberExprMatcher. DONE matching.

2019/03/06 16:40:44 846745	DEBUG [main.cpp->handle_member_expr_of_add_call:277]	main::handle_member_expr_of_add_call. Done. 

2019/03/06 16:40:44 846747	DEBUG [main.cpp->handle_arg0_of_add_call:215]	domain::VecExpr *handle_arg0_of_add_call. START matcher for AST node:

2019/03/06 16:40:44 846752	DEBUG [main.cpp->match:199]	CXXMemberCallExprArg0Matcher::match start

2019/03/06 16:40:44 846762	DEBUG [main.cpp->run:112]	main::HandlerForCXXMemberCallExprRight_DeclRefExpr: Start. DeclRefExpr = 0x2b9d398

2019/03/06 16:40:45 150637	DEBUG [main.cpp->run:114]	main::HandlerForCXXMemberCallExprRight_DeclRefExpr: Done.

2019/03/06 16:40:45 150647	DEBUG [main.cpp->match:201]	CXXMemberCallExprArg0Matcher::match finish

2019/03/06 16:40:45 150649	DEBUG [main.cpp->handle_arg0_of_add_call:218]	domain::VecExpr *handle_arg0_of_add_call. Done.

2019/03/06 16:40:45 550687	DEBUG [main.cpp->handleMemberCallExpr:100]	main::handleMemberCallExpr: Done.

2019/03/06 16:40:45 550698	DEBUG [main.cpp->match:248]	main::CXXMemberCallExprMemberExprMatcher. DONE matching.

2019/03/06 16:40:45 550699	DEBUG [main.cpp->handle_member_expr_of_add_call:277]	main::handle_member_expr_of_add_call. Done. 

2019/03/06 16:40:45 550702	DEBUG [main.cpp->handle_arg0_of_add_call:215]	domain::VecExpr *handle_arg0_of_add_call. START matcher for AST node:

2019/03/06 16:40:45 550706	DEBUG [main.cpp->match:199]	CXXMemberCallExprArg0Matcher::match start

2019/03/06 16:40:45 550711	DEBUG [main.cpp->handleMemberCallExpr:90]	main::handleMemberCallExpr: Start, recurse on mem and arg

2019/03/06 16:40:45 550714	DEBUG [main.cpp->handle_member_expr_of_add_call:264]	main::handle_member_expr_of_add_call at 0x2b9d410

2019/03/06 16:40:45 550714	DEBUG [main.cpp->handle_member_expr_of_add_call:269]	main::handle_member_expr_of_add_call ast is (dump)

2019/03/06 16:40:45 550717	DEBUG [main.cpp->match:246]	main::CXXMemberCallExprMemberExprMatcher. START matching. AST is:

2019/03/06 16:40:45 550720	DEBUG [main.cpp->run:112]	main::HandlerForCXXMemberCallExprRight_DeclRefExpr: Start. DeclRefExpr = 0x2b9d410

2019/03/06 16:40:45 886638	DEBUG [main.cpp->run:114]	main::HandlerForCXXMemberCallExprRight_DeclRefExpr: Done.

2019/03/06 16:40:45 886649	DEBUG [main.cpp->match:248]	main::CXXMemberCallExprMemberExprMatcher. DONE matching.

2019/03/06 16:40:45 886650	DEBUG [main.cpp->handle_member_expr_of_add_call:277]	main::handle_member_expr_of_add_call. Done. 

2019/03/06 16:40:45 886653	DEBUG [main.cpp->handle_arg0_of_add_call:215]	domain::VecExpr *handle_arg0_of_add_call. START matcher for AST node:

2019/03/06 16:40:45 886658	DEBUG [main.cpp->match:199]	CXXMemberCallExprArg0Matcher::match start

2019/03/06 16:40:45 886663	DEBUG [main.cpp->run:112]	main::HandlerForCXXMemberCallExprRight_DeclRefExpr: Start. DeclRefExpr = 0x2b9d460

2019/03/06 16:40:46 182658	DEBUG [main.cpp->run:114]	main::HandlerForCXXMemberCallExprRight_DeclRefExpr: Done.

2019/03/06 16:40:46 182669	DEBUG [main.cpp->match:201]	CXXMemberCallExprArg0Matcher::match finish

2019/03/06 16:40:46 182671	DEBUG [main.cpp->handle_arg0_of_add_call:218]	domain::VecExpr *handle_arg0_of_add_call. Done.

2019/03/06 16:40:46 582658	DEBUG [main.cpp->handleMemberCallExpr:100]	main::handleMemberCallExpr: Done.

2019/03/06 16:40:46 582669	DEBUG [main.cpp->match:201]	CXXMemberCallExprArg0Matcher::match finish

2019/03/06 16:40:46 582670	DEBUG [main.cpp->handle_arg0_of_add_call:218]	domain::VecExpr *handle_arg0_of_add_call. Done.

2019/03/06 16:40:46 902632	DEBUG [main.cpp->handleMemberCallExpr:100]	main::handleMemberCallExpr: Done.

2019/03/06 16:40:46 902641	DEBUG [main.cpp->run:170]	main::HandlerForCXXConstructAddExpr: Done.

2019/03/06 16:40:47 246778	DEBUG [Interpretation.cpp->mkVector_Expr:138]	Interpretation::mkVector_Expr. DONE

2019/03/06 16:40:47 246809	DEBUG [Domain.cpp->mkVector_Def:159]	Domain::mkVector_Def 
2019/03/06 16:40:47 246823	DEBUG [main.cpp->run:340]	VectorDeclStmtHandler::run: Done.

2019/03/06 16:40:47 246858	DEBUG [main.cpp->EndSourceFileAction:378]	STUB Analysis result

2019/03/06 16:40:47 247035	DEBUG [Interpretation.h->toString_Exprs:100]	v2
2019/03/06 16:40:47 247044	DEBUG [Interpretation.h->toString_Exprs:100]	v1
2019/03/06 16:40:47 247049	DEBUG [Interpretation.h->toString_Exprs:100]	(add (v2) (v1))
2019/03/06 16:40:47 247127	FATAL [Interp.cpp->toString:31]	
	*******	 EXIT trigger caused by LOG(FATAL) entry: 
	"Interp::toString: Error. Should not be called. Abstract.

*******	STACKDUMP *******

	stack dump [1]  /usr/local/lib/libg3logger.so.1.3.2-74 : LogCapture::LogCapture(char const*, int, char const*, LEVELS const&, char const*, int, char const*)+0x31f [0x7fce10bdd4df]
	stack dump [2]  build/ASTMatcher() [0x561c2d]
	stack dump [3]  build/ASTMatcher() [0x56241f]
	stack dump [4]  build/ASTMatcher() [0x5516cf]
	stack dump [5]  build/ASTMatcher() [0x54fa97]
	stack dump [6]  /lib/x86_64-linux-gnu/libc.so.6__libc_start_main+0xe7 [0x7fce10252b97]
	stack dump [7]  build/ASTMatcher() [0x4ed90a]

Exiting after fatal event  (FATAL). Fatal type:  SIGABRT
Log content flushed sucessfully to sink

"g3log g3FileSink shutdown at: 16:40:47 247259
