		g3log created log at: Fri Mar 08 10:28:14 2019
		LOG format: [YYYY/MM/DD hh:mm:ss uuu* LEVEL FILE->FUNCTION:LINE] messagen
		(uuu*: microseconds fractions of the seconds value)

2019/03/08 10:28:14 769198	DEBUG [main.cpp->run:333]	VectorDeclStmtHandler::run: START. AST (dump) is 

2019/03/08 10:28:20 282141	DEBUG [main.cpp->run:69]	main::HandlerForCXXConstructLitExpr::run. Start.

2019/03/08 10:28:20 954140	DEBUG [main.cpp->run:74]	main::HandlerForCXXConstructLitExpr::run. Done.

2019/03/08 10:28:20 954216	DEBUG [Domain.cpp->mkVector_Def:159]	Domain::mkVector_Def 
2019/03/08 10:28:20 954237	DEBUG [main.cpp->run:340]	VectorDeclStmtHandler::run: Done.

2019/03/08 10:28:20 954262	DEBUG [main.cpp->run:333]	VectorDeclStmtHandler::run: START. AST (dump) is 

2019/03/08 10:28:21 346054	DEBUG [main.cpp->run:69]	main::HandlerForCXXConstructLitExpr::run. Start.

2019/03/08 10:28:21 882111	DEBUG [main.cpp->run:74]	main::HandlerForCXXConstructLitExpr::run. Done.

2019/03/08 10:28:21 882148	DEBUG [Domain.cpp->mkVector_Def:159]	Domain::mkVector_Def 
2019/03/08 10:28:21 882190	DEBUG [main.cpp->run:340]	VectorDeclStmtHandler::run: Done.

2019/03/08 10:28:21 882222	DEBUG [main.cpp->run:333]	VectorDeclStmtHandler::run: START. AST (dump) is 

2019/03/08 10:28:22 346003	DEBUG [main.cpp->run:160]	main::HandlerForCXXConstructAddExpr: START. CXXConstructExpr is:

2019/03/08 10:28:22 346013	DEBUG [main.cpp->handleMemberCallExpr:90]	main::handleMemberCallExpr: Start, recurse on mem and arg

2019/03/08 10:28:22 346020	DEBUG [main.cpp->handle_member_expr_of_add_call:264]	main::handle_member_expr_of_add_call at 0x5555579c83b8

2019/03/08 10:28:22 346022	DEBUG [main.cpp->handle_member_expr_of_add_call:269]	main::handle_member_expr_of_add_call ast is (dump)

2019/03/08 10:28:22 346030	DEBUG [main.cpp->match:246]	main::CXXMemberCallExprMemberExprMatcher. START matching. AST is:

2019/03/08 10:28:22 346034	DEBUG [main.cpp->handleMemberCallExpr:90]	main::handleMemberCallExpr: Start, recurse on mem and arg

2019/03/08 10:28:22 346038	DEBUG [main.cpp->handle_member_expr_of_add_call:264]	main::handle_member_expr_of_add_call at 0x5555579c8348

2019/03/08 10:28:22 346040	DEBUG [main.cpp->handle_member_expr_of_add_call:269]	main::handle_member_expr_of_add_call ast is (dump)

2019/03/08 10:28:22 346048	DEBUG [main.cpp->match:246]	main::CXXMemberCallExprMemberExprMatcher. START matching. AST is:

2019/03/08 10:28:22 346052	DEBUG [main.cpp->run:112]	main::HandlerForCXXMemberCallExprRight_DeclRefExpr: Start. DeclRefExpr = 0x5555579c8348

2019/03/08 10:28:22 937984	DEBUG [CoordsToInterp.cpp->putVecVarExpr:85]	CoordsToInterp::putVecVarExpr c v2

2019/03/08 10:28:22 937992	DEBUG [CoordsToInterp.cpp->putVecVarExpr:86]	CoordsToInterp::putVecVarExpr d ( v2 : time )

2019/03/08 10:28:22 937999	DEBUG [CoordsToInterp.cpp->putVecVarExpr:92]	Debug ( v2 : time )

