		g3log created log at: Fri Mar 08 09:43:00 2019
		LOG format: [YYYY/MM/DD hh:mm:ss uuu* LEVEL FILE->FUNCTION:LINE] messagen
		(uuu*: microseconds fractions of the seconds value)

2019/03/08 09:43:00 105212	DEBUG [main.cpp->run:333]	VectorDeclStmtHandler::run: START. AST (dump) is 

2019/03/08 09:43:10 633760	DEBUG [main.cpp->run:69]	main::HandlerForCXXConstructLitExpr::run. Start.

2019/03/08 09:43:10 921465	DEBUG [main.cpp->run:74]	main::HandlerForCXXConstructLitExpr::run. Done.

2019/03/08 09:43:10 921540	DEBUG [Domain.cpp->mkVector_Def:159]	Domain::mkVector_Def 
2019/03/08 09:43:10 921562	DEBUG [main.cpp->run:340]	VectorDeclStmtHandler::run: Done.

2019/03/08 09:43:10 921588	DEBUG [main.cpp->run:333]	VectorDeclStmtHandler::run: START. AST (dump) is 

2019/03/08 09:43:11 193509	DEBUG [main.cpp->run:69]	main::HandlerForCXXConstructLitExpr::run. Start.

2019/03/08 09:43:11 457538	DEBUG [main.cpp->run:74]	main::HandlerForCXXConstructLitExpr::run. Done.

2019/03/08 09:43:11 457577	DEBUG [Domain.cpp->mkVector_Def:159]	Domain::mkVector_Def 
2019/03/08 09:43:11 457599	DEBUG [main.cpp->run:340]	VectorDeclStmtHandler::run: Done.

2019/03/08 09:43:11 457627	DEBUG [main.cpp->run:333]	VectorDeclStmtHandler::run: START. AST (dump) is 

2019/03/08 09:43:11 689675	DEBUG [main.cpp->run:160]	main::HandlerForCXXConstructAddExpr: START. CXXConstructExpr is:

2019/03/08 09:43:11 689686	DEBUG [main.cpp->handleMemberCallExpr:90]	main::handleMemberCallExpr: Start, recurse on mem and arg

2019/03/08 09:43:11 689692	DEBUG [main.cpp->handle_member_expr_of_add_call:264]	main::handle_member_expr_of_add_call at 0x5555579c83b8

2019/03/08 09:43:11 689694	DEBUG [main.cpp->handle_member_expr_of_add_call:269]	main::handle_member_expr_of_add_call ast is (dump)

2019/03/08 09:43:11 689702	DEBUG [main.cpp->match:246]	main::CXXMemberCallExprMemberExprMatcher. START matching. AST is:

2019/03/08 09:43:11 689706	DEBUG [main.cpp->handleMemberCallExpr:90]	main::handleMemberCallExpr: Start, recurse on mem and arg

2019/03/08 09:43:11 689708	DEBUG [main.cpp->handle_member_expr_of_add_call:264]	main::handle_member_expr_of_add_call at 0x5555579c8348

2019/03/08 09:43:11 689712	DEBUG [main.cpp->handle_member_expr_of_add_call:269]	main::handle_member_expr_of_add_call ast is (dump)

2019/03/08 09:43:11 689716	DEBUG [main.cpp->match:246]	main::CXXMemberCallExprMemberExprMatcher. START matching. AST is:

2019/03/08 09:43:11 689721	DEBUG [main.cpp->run:112]	main::HandlerForCXXMemberCallExprRight_DeclRefExpr: Start. DeclRefExpr = 0x5555579c8348

2019/03/08 09:43:53 891024	DEBUG [CoordsToInterp.cpp->putVecVarExpr:85]	CoordsToInterp::putVecVarExpr c v2

2019/03/08 09:43:53 891033	DEBUG [CoordsToInterp.cpp->putVecVarExpr:86]	CoordsToInterp::putVecVarExpr d ( v2 : time )

2019/03/08 09:43:53 891044	DEBUG [CoordsToInterp.cpp->putVecVarExpr:92]	Debug ( v2 : time )

2019/03/08 09:43:53 891050	DEBUG [Interpretation.cpp->mkVecVarExpr:67]	( v2 : time ) then ( v2 : time )

2019/03/08 09:43:53 891053	DEBUG [main.cpp->run:114]	main::HandlerForCXXMemberCallExprRight_DeclRefExpr: Done.

2019/03/08 09:43:53 891057	DEBUG [main.cpp->match:248]	main::CXXMemberCallExprMemberExprMatcher. DONE matching.

2019/03/08 09:43:53 891063	DEBUG [main.cpp->handle_member_expr_of_add_call:277]	main::handle_member_expr_of_add_call. Done. 

2019/03/08 09:43:53 891066	DEBUG [main.cpp->handle_arg0_of_add_call:215]	domain::VecExpr *handle_arg0_of_add_call. START matcher for AST node:

2019/03/08 09:43:53 891072	DEBUG [main.cpp->match:199]	CXXMemberCallExprArg0Matcher::match start

2019/03/08 09:43:53 891083	DEBUG [main.cpp->run:112]	main::HandlerForCXXMemberCallExprRight_DeclRefExpr: Start. DeclRefExpr = 0x5555579c8398

2019/03/08 09:44:00 057922	DEBUG [CoordsToInterp.cpp->putVecVarExpr:85]	CoordsToInterp::putVecVarExpr c v1

2019/03/08 09:44:00 057930	DEBUG [CoordsToInterp.cpp->putVecVarExpr:86]	CoordsToInterp::putVecVarExpr d ( v1 : time )

2019/03/08 09:44:00 057940	DEBUG [CoordsToInterp.cpp->putVecVarExpr:92]	Debug ( v1 : time )

2019/03/08 09:44:00 057946	DEBUG [Interpretation.cpp->mkVecVarExpr:67]	( v1 : time ) then ( v1 : time )

2019/03/08 09:44:00 057949	DEBUG [main.cpp->run:114]	main::HandlerForCXXMemberCallExprRight_DeclRefExpr: Done.

2019/03/08 09:44:00 057953	DEBUG [main.cpp->match:201]	CXXMemberCallExprArg0Matcher::match finish

2019/03/08 09:44:00 057957	DEBUG [main.cpp->handle_arg0_of_add_call:218]	domain::VecExpr *handle_arg0_of_add_call. Done.

2019/03/08 09:51:11 550768	DEBUG [Interpretation.cpp->mkVecVecAddExpr:91]	Interpretation::mkVecVecAddExpr: Mem_Coords: v2

2019/03/08 09:51:12 370018	DEBUG [Interpretation.cpp->mkVecVecAddExpr:92]	Interpretation::mkVecVecAddExpr: Arg_Coords: v1

