		g3log created log at: Sun Mar 03 20:05:38 2019
		LOG format: [YYYY/MM/DD hh:mm:ss uuu* LEVEL FILE->FUNCTION:LINE] messagen
		(uuu*: microseconds fractions of the seconds value)

2019/03/03 20:05:38 441283	DEBUG [main.cpp->run:333]	VectorDeclStmtHandler::run: START. AST (dump) is 

2019/03/03 20:05:41 779000	DEBUG [main.cpp->run:69]	main::HandlerForCXXConstructLitExpr::run. Start.

2019/03/03 20:05:42 075165	DEBUG [main.cpp->run:74]	main::HandlerForCXXConstructLitExpr::run. Done.

2019/03/03 20:05:42 075265	DEBUG [Domain.cpp->mkVector_Def:159]	Domain::mkVector_Def 
2019/03/03 20:05:42 075276	DEBUG [main.cpp->run:340]	VectorDeclStmtHandler::run: Done.

2019/03/03 20:05:42 075300	DEBUG [main.cpp->run:333]	VectorDeclStmtHandler::run: START. AST (dump) is 

2019/03/03 20:05:42 395403	DEBUG [main.cpp->run:69]	main::HandlerForCXXConstructLitExpr::run. Start.

2019/03/03 20:05:42 755480	DEBUG [main.cpp->run:74]	main::HandlerForCXXConstructLitExpr::run. Done.

2019/03/03 20:05:42 755516	DEBUG [Domain.cpp->mkVector_Def:159]	Domain::mkVector_Def 
2019/03/03 20:05:42 755522	DEBUG [main.cpp->run:340]	VectorDeclStmtHandler::run: Done.

2019/03/03 20:05:42 755546	DEBUG [main.cpp->run:333]	VectorDeclStmtHandler::run: START. AST (dump) is 

2019/03/03 20:05:43 099483	DEBUG [main.cpp->run:160]	main::HandlerForCXXConstructAddExpr: START. CXXConstructExpr is:

2019/03/03 20:05:43 099494	DEBUG [main.cpp->handleMemberCallExpr:90]	main::handleMemberCallExpr: Start, recurse on mem and arg

2019/03/03 20:05:43 099504	DEBUG [main.cpp->handle_member_expr_of_add_call:264]	main::handle_member_expr_of_add_call at 0x2649bc8

2019/03/03 20:05:43 099506	DEBUG [main.cpp->handle_member_expr_of_add_call:269]	main::handle_member_expr_of_add_call ast is (dump)

2019/03/03 20:05:43 099520	DEBUG [main.cpp->match:246]	main::CXXMemberCallExprMemberExprMatcher. START matching. AST is:

2019/03/03 20:05:43 099524	DEBUG [main.cpp->handleMemberCallExpr:90]	main::handleMemberCallExpr: Start, recurse on mem and arg

2019/03/03 20:05:43 099526	DEBUG [main.cpp->handle_member_expr_of_add_call:264]	main::handle_member_expr_of_add_call at 0x2649b58

2019/03/03 20:05:43 099530	DEBUG [main.cpp->handle_member_expr_of_add_call:269]	main::handle_member_expr_of_add_call ast is (dump)

2019/03/03 20:05:43 099534	DEBUG [main.cpp->match:246]	main::CXXMemberCallExprMemberExprMatcher. START matching. AST is:

2019/03/03 20:05:43 099538	DEBUG [main.cpp->run:112]	main::HandlerForCXXMemberCallExprRight_DeclRefExpr: Start. DeclRefExpr = 0x2649b58

2019/03/03 20:05:43 467886	DEBUG [main.cpp->run:114]	main::HandlerForCXXMemberCallExprRight_DeclRefExpr: Done.

2019/03/03 20:05:43 467898	DEBUG [main.cpp->match:248]	main::CXXMemberCallExprMemberExprMatcher. DONE matching.

2019/03/03 20:05:43 467901	DEBUG [main.cpp->handle_member_expr_of_add_call:277]	main::handle_member_expr_of_add_call. Done. 

2019/03/03 20:05:43 467905	DEBUG [main.cpp->handle_arg0_of_add_call:215]	domain::VecExpr *handle_arg0_of_add_call. START matcher for AST node:

2019/03/03 20:05:43 467911	DEBUG [main.cpp->match:199]	CXXMemberCallExprArg0Matcher::match start

2019/03/03 20:05:43 467918	DEBUG [main.cpp->run:112]	main::HandlerForCXXMemberCallExprRight_DeclRefExpr: Start. DeclRefExpr = 0x2649ba8

2019/03/03 20:05:43 852040	DEBUG [main.cpp->run:114]	main::HandlerForCXXMemberCallExprRight_DeclRefExpr: Done.

2019/03/03 20:05:43 852053	DEBUG [main.cpp->match:201]	CXXMemberCallExprArg0Matcher::match finish

2019/03/03 20:05:43 852055	DEBUG [main.cpp->handle_arg0_of_add_call:218]	domain::VecExpr *handle_arg0_of_add_call. Done.

2019/03/03 20:05:44 228314	DEBUG [main.cpp->handleMemberCallExpr:100]	main::handleMemberCallExpr: Done.

2019/03/03 20:05:44 228327	DEBUG [main.cpp->match:248]	main::CXXMemberCallExprMemberExprMatcher. DONE matching.

2019/03/03 20:05:44 228329	DEBUG [main.cpp->handle_member_expr_of_add_call:277]	main::handle_member_expr_of_add_call. Done. 

2019/03/03 20:05:44 228333	DEBUG [main.cpp->handle_arg0_of_add_call:215]	domain::VecExpr *handle_arg0_of_add_call. START matcher for AST node:

2019/03/03 20:05:44 228339	DEBUG [main.cpp->match:199]	CXXMemberCallExprArg0Matcher::match start

2019/03/03 20:05:44 228345	DEBUG [main.cpp->handleMemberCallExpr:90]	main::handleMemberCallExpr: Start, recurse on mem and arg

2019/03/03 20:05:44 228349	DEBUG [main.cpp->handle_member_expr_of_add_call:264]	main::handle_member_expr_of_add_call at 0x2649c20

2019/03/03 20:05:44 228351	DEBUG [main.cpp->handle_member_expr_of_add_call:269]	main::handle_member_expr_of_add_call ast is (dump)

2019/03/03 20:05:44 228356	DEBUG [main.cpp->match:246]	main::CXXMemberCallExprMemberExprMatcher. START matching. AST is:

2019/03/03 20:05:44 228371	DEBUG [main.cpp->run:112]	main::HandlerForCXXMemberCallExprRight_DeclRefExpr: Start. DeclRefExpr = 0x2649c20

2019/03/03 20:05:44 612535	DEBUG [main.cpp->run:114]	main::HandlerForCXXMemberCallExprRight_DeclRefExpr: Done.

2019/03/03 20:05:44 612546	DEBUG [main.cpp->match:248]	main::CXXMemberCallExprMemberExprMatcher. DONE matching.

2019/03/03 20:05:44 612549	DEBUG [main.cpp->handle_member_expr_of_add_call:277]	main::handle_member_expr_of_add_call. Done. 

2019/03/03 20:05:44 612552	DEBUG [main.cpp->handle_arg0_of_add_call:215]	domain::VecExpr *handle_arg0_of_add_call. START matcher for AST node:

2019/03/03 20:05:44 612558	DEBUG [main.cpp->match:199]	CXXMemberCallExprArg0Matcher::match start

2019/03/03 20:05:44 612565	DEBUG [main.cpp->run:112]	main::HandlerForCXXMemberCallExprRight_DeclRefExpr: Start. DeclRefExpr = 0x2649c70

2019/03/03 20:05:44 964598	DEBUG [main.cpp->run:114]	main::HandlerForCXXMemberCallExprRight_DeclRefExpr: Done.

2019/03/03 20:05:44 964610	DEBUG [main.cpp->match:201]	CXXMemberCallExprArg0Matcher::match finish

2019/03/03 20:05:44 964612	DEBUG [main.cpp->handle_arg0_of_add_call:218]	domain::VecExpr *handle_arg0_of_add_call. Done.

2019/03/03 20:05:45 348795	DEBUG [main.cpp->handleMemberCallExpr:100]	main::handleMemberCallExpr: Done.

2019/03/03 20:05:45 348808	DEBUG [main.cpp->match:201]	CXXMemberCallExprArg0Matcher::match finish

2019/03/03 20:05:45 348810	DEBUG [main.cpp->handle_arg0_of_add_call:218]	domain::VecExpr *handle_arg0_of_add_call. Done.

2019/03/03 20:05:45 733029	DEBUG [main.cpp->handleMemberCallExpr:100]	main::handleMemberCallExpr: Done.

2019/03/03 20:05:45 733053	DEBUG [main.cpp->run:170]	main::HandlerForCXXConstructAddExpr: Done.

2019/03/03 20:05:46 149154	DEBUG [Interpretation.cpp->mkVector_Expr:178]	Interpretation::mkVector_Expr. DONE

2019/03/03 20:05:46 149186	DEBUG [Domain.cpp->mkVector_Def:159]	Domain::mkVector_Def 
2019/03/03 20:05:46 149192	DEBUG [main.cpp->run:340]	VectorDeclStmtHandler::run: Done.

2019/03/03 20:05:46 149227	DEBUG [main.cpp->EndSourceFileAction:378]	STUB Analysis result

g3log g3FileSink shutdown at: 20:05:46 149489
