		g3log created log at: Wed Mar 06 13:25:25 2019
		LOG format: [YYYY/MM/DD hh:mm:ss uuu* LEVEL FILE->FUNCTION:LINE] messagen
		(uuu*: microseconds fractions of the seconds value)

2019/03/06 13:25:25 365902	DEBUG [main.cpp->run:333]	VectorDeclStmtHandler::run: START. AST (dump) is 

2019/03/06 13:25:28 343254	DEBUG [main.cpp->run:69]	main::HandlerForCXXConstructLitExpr::run. Start.

2019/03/06 13:25:28 607024	DEBUG [main.cpp->run:74]	main::HandlerForCXXConstructLitExpr::run. Done.

2019/03/06 13:25:28 607115	DEBUG [Domain.cpp->mkVector_Def:159]	Domain::mkVector_Def 
2019/03/06 13:25:28 607144	DEBUG [main.cpp->run:340]	VectorDeclStmtHandler::run: Done.

2019/03/06 13:25:28 607173	DEBUG [main.cpp->run:333]	VectorDeclStmtHandler::run: START. AST (dump) is 

2019/03/06 13:25:28 847048	DEBUG [main.cpp->run:69]	main::HandlerForCXXConstructLitExpr::run. Start.

2019/03/06 13:25:29 087049	DEBUG [main.cpp->run:74]	main::HandlerForCXXConstructLitExpr::run. Done.

2019/03/06 13:25:29 087087	DEBUG [Domain.cpp->mkVector_Def:159]	Domain::mkVector_Def 
2019/03/06 13:25:29 087109	DEBUG [main.cpp->run:340]	VectorDeclStmtHandler::run: Done.

2019/03/06 13:25:29 087137	DEBUG [main.cpp->run:333]	VectorDeclStmtHandler::run: START. AST (dump) is 

2019/03/06 13:25:29 343137	DEBUG [main.cpp->run:160]	main::HandlerForCXXConstructAddExpr: START. CXXConstructExpr is:

2019/03/06 13:25:29 343149	DEBUG [main.cpp->handleMemberCallExpr:90]	main::handleMemberCallExpr: Start, recurse on mem and arg

2019/03/06 13:25:29 343158	DEBUG [main.cpp->handle_member_expr_of_add_call:264]	main::handle_member_expr_of_add_call at 0x251e3b8

2019/03/06 13:25:29 343160	DEBUG [main.cpp->handle_member_expr_of_add_call:269]	main::handle_member_expr_of_add_call ast is (dump)

2019/03/06 13:25:29 343169	DEBUG [main.cpp->match:246]	main::CXXMemberCallExprMemberExprMatcher. START matching. AST is:

2019/03/06 13:25:29 343176	DEBUG [main.cpp->handleMemberCallExpr:90]	main::handleMemberCallExpr: Start, recurse on mem and arg

2019/03/06 13:25:29 343178	DEBUG [main.cpp->handle_member_expr_of_add_call:264]	main::handle_member_expr_of_add_call at 0x251e348

2019/03/06 13:25:29 343180	DEBUG [main.cpp->handle_member_expr_of_add_call:269]	main::handle_member_expr_of_add_call ast is (dump)

2019/03/06 13:25:29 343187	DEBUG [main.cpp->match:246]	main::CXXMemberCallExprMemberExprMatcher. START matching. AST is:

2019/03/06 13:25:29 343194	DEBUG [main.cpp->run:112]	main::HandlerForCXXMemberCallExprRight_DeclRefExpr: Start. DeclRefExpr = 0x251e348

2019/03/06 13:25:29 641620	DEBUG [main.cpp->run:114]	main::HandlerForCXXMemberCallExprRight_DeclRefExpr: Done.

2019/03/06 13:25:29 641632	DEBUG [main.cpp->match:248]	main::CXXMemberCallExprMemberExprMatcher. DONE matching.

2019/03/06 13:25:29 641634	DEBUG [main.cpp->handle_member_expr_of_add_call:277]	main::handle_member_expr_of_add_call. Done. 

2019/03/06 13:25:29 641638	DEBUG [main.cpp->handle_arg0_of_add_call:215]	domain::VecExpr *handle_arg0_of_add_call. START matcher for AST node:

2019/03/06 13:25:29 641644	DEBUG [main.cpp->match:199]	CXXMemberCallExprArg0Matcher::match start

2019/03/06 13:25:29 641656	DEBUG [main.cpp->run:112]	main::HandlerForCXXMemberCallExprRight_DeclRefExpr: Start. DeclRefExpr = 0x251e398

2019/03/06 13:25:29 983303	DEBUG [main.cpp->run:114]	main::HandlerForCXXMemberCallExprRight_DeclRefExpr: Done.

2019/03/06 13:25:29 983325	DEBUG [main.cpp->match:201]	CXXMemberCallExprArg0Matcher::match finish

2019/03/06 13:25:29 983328	DEBUG [main.cpp->handle_arg0_of_add_call:218]	domain::VecExpr *handle_arg0_of_add_call. Done.

2019/03/06 13:25:30 303246	DEBUG [main.cpp->handleMemberCallExpr:100]	main::handleMemberCallExpr: Done.

2019/03/06 13:25:30 303259	DEBUG [main.cpp->match:248]	main::CXXMemberCallExprMemberExprMatcher. DONE matching.

2019/03/06 13:25:30 303262	DEBUG [main.cpp->handle_member_expr_of_add_call:277]	main::handle_member_expr_of_add_call. Done. 

2019/03/06 13:25:30 303265	DEBUG [main.cpp->handle_arg0_of_add_call:215]	domain::VecExpr *handle_arg0_of_add_call. START matcher for AST node:

2019/03/06 13:25:30 303273	DEBUG [main.cpp->match:199]	CXXMemberCallExprArg0Matcher::match start

2019/03/06 13:25:30 303279	DEBUG [main.cpp->handleMemberCallExpr:90]	main::handleMemberCallExpr: Start, recurse on mem and arg

2019/03/06 13:25:30 303286	DEBUG [main.cpp->handle_member_expr_of_add_call:264]	main::handle_member_expr_of_add_call at 0x251e410

2019/03/06 13:25:30 303288	DEBUG [main.cpp->handle_member_expr_of_add_call:269]	main::handle_member_expr_of_add_call ast is (dump)

2019/03/06 13:25:30 303293	DEBUG [main.cpp->match:246]	main::CXXMemberCallExprMemberExprMatcher. START matching. AST is:

2019/03/06 13:25:30 303300	DEBUG [main.cpp->run:112]	main::HandlerForCXXMemberCallExprRight_DeclRefExpr: Start. DeclRefExpr = 0x251e410

2019/03/06 13:25:30 630948	DEBUG [main.cpp->run:114]	main::HandlerForCXXMemberCallExprRight_DeclRefExpr: Done.

2019/03/06 13:25:30 630961	DEBUG [main.cpp->match:248]	main::CXXMemberCallExprMemberExprMatcher. DONE matching.

2019/03/06 13:25:30 630963	DEBUG [main.cpp->handle_member_expr_of_add_call:277]	main::handle_member_expr_of_add_call. Done. 

2019/03/06 13:25:30 630967	DEBUG [main.cpp->handle_arg0_of_add_call:215]	domain::VecExpr *handle_arg0_of_add_call. START matcher for AST node:

2019/03/06 13:25:30 630974	DEBUG [main.cpp->match:199]	CXXMemberCallExprArg0Matcher::match start

2019/03/06 13:25:30 630984	DEBUG [main.cpp->run:112]	main::HandlerForCXXMemberCallExprRight_DeclRefExpr: Start. DeclRefExpr = 0x251e460

2019/03/06 13:25:30 950985	DEBUG [main.cpp->run:114]	main::HandlerForCXXMemberCallExprRight_DeclRefExpr: Done.

2019/03/06 13:25:30 950998	DEBUG [main.cpp->match:201]	CXXMemberCallExprArg0Matcher::match finish

2019/03/06 13:25:30 951001	DEBUG [main.cpp->handle_arg0_of_add_call:218]	domain::VecExpr *handle_arg0_of_add_call. Done.

2019/03/06 13:25:31 246979	DEBUG [main.cpp->handleMemberCallExpr:100]	main::handleMemberCallExpr: Done.

2019/03/06 13:25:31 246992	DEBUG [main.cpp->match:201]	CXXMemberCallExprArg0Matcher::match finish

2019/03/06 13:25:31 246994	DEBUG [main.cpp->handle_arg0_of_add_call:218]	domain::VecExpr *handle_arg0_of_add_call. Done.

2019/03/06 13:25:31 558998	DEBUG [main.cpp->handleMemberCallExpr:100]	main::handleMemberCallExpr: Done.

2019/03/06 13:25:31 559007	DEBUG [main.cpp->run:170]	main::HandlerForCXXConstructAddExpr: Done.

2019/03/06 13:25:31 902972	DEBUG [Interpretation.cpp->mkVector_Expr:138]	Interpretation::mkVector_Expr. DONE

2019/03/06 13:25:31 903004	DEBUG [Domain.cpp->mkVector_Def:159]	Domain::mkVector_Def 
2019/03/06 13:25:31 903027	DEBUG [main.cpp->run:340]	VectorDeclStmtHandler::run: Done.

2019/03/06 13:25:31 903062	DEBUG [main.cpp->EndSourceFileAction:378]	STUB Analysis result

